{"D:\\js\\React\\bds\\src\\components\\Button\\Button.js": {"path":"D:\\js\\React\\bds\\src\\components\\Button\\Button.js","statementMap":{"0":{"start":{"line":4,"column":15},"end":{"line":26,"column":1}},"1":{"start":{"line":15,"column":4},"end":{"line":25,"column":17}},"2":{"start":{"line":28,"column":0},"end":{"line":38,"column":2}}},"fnMap":{"0":{"name":"(anonymous_0)","decl":{"start":{"line":4,"column":15},"end":{"line":4,"column":16}},"loc":{"start":{"line":15,"column":4},"end":{"line":25,"column":17}},"line":15},"1":{"name":"(anonymous_1)","decl":{"start":{"line":13,"column":14},"end":{"line":13,"column":15}},"loc":{"start":{"line":13,"column":20},"end":{"line":13,"column":22}},"line":13}},"branchMap":{"0":{"loc":{"start":{"line":11,"column":4},"end":{"line":11,"column":28}},"type":"default-arg","locations":[{"start":{"line":11,"column":16},"end":{"line":11,"column":28}}],"line":11},"1":{"loc":{"start":{"line":12,"column":4},"end":{"line":12,"column":29}},"type":"default-arg","locations":[{"start":{"line":12,"column":17},"end":{"line":12,"column":29}}],"line":12},"2":{"loc":{"start":{"line":13,"column":4},"end":{"line":13,"column":22}},"type":"default-arg","locations":[{"start":{"line":13,"column":14},"end":{"line":13,"column":22}}],"line":13},"3":{"loc":{"start":{"line":24,"column":9},"end":{"line":24,"column":33}},"type":"cond-expr","locations":[{"start":{"line":24,"column":18},"end":{"line":24,"column":22}},{"start":{"line":24,"column":25},"end":{"line":24,"column":33}}],"line":24}},"s":{"0":6,"1":61,"2":6},"f":{"0":61,"1":0},"b":{"0":[61],"1":[5],"2":[0],"3":[20,41]},"_coverageSchema":"1a1c01bbd47fc00a2c39e90264f33305004495a9","hash":"d4b956438e944b96f17409d7e9721848adaa5172"}
,"D:\\js\\React\\bds\\src\\components\\Button\\index.js": {"path":"D:\\js\\React\\bds\\src\\components\\Button\\index.js","statementMap":{},"fnMap":{},"branchMap":{},"s":{},"f":{},"b":{},"_coverageSchema":"1a1c01bbd47fc00a2c39e90264f33305004495a9","hash":"0db4c134e40f450ad5d5b55ee553910108bb8ef6"}
,"D:\\js\\React\\bds\\src\\components\\Card\\Card.js": {"path":"D:\\js\\React\\bds\\src\\components\\Card\\Card.js","statementMap":{"0":{"start":{"line":6,"column":13},"end":{"line":133,"column":1}},"1":{"start":{"line":19,"column":23},"end":{"line":23,"column":6}},"2":{"start":{"line":25,"column":24},"end":{"line":73,"column":5}},"3":{"start":{"line":26,"column":26},"end":{"line":26,"column":28}},"4":{"start":{"line":28,"column":8},"end":{"line":57,"column":9}},"5":{"start":{"line":30,"column":16},"end":{"line":30,"column":68}},"6":{"start":{"line":31,"column":16},"end":{"line":31,"column":22}},"7":{"start":{"line":33,"column":16},"end":{"line":33,"column":80}},"8":{"start":{"line":34,"column":16},"end":{"line":34,"column":22}},"9":{"start":{"line":36,"column":16},"end":{"line":45,"column":18}},"10":{"start":{"line":46,"column":16},"end":{"line":46,"column":22}},"11":{"start":{"line":48,"column":16},"end":{"line":48,"column":77}},"12":{"start":{"line":49,"column":16},"end":{"line":49,"column":22}},"13":{"start":{"line":51,"column":16},"end":{"line":51,"column":77}},"14":{"start":{"line":52,"column":16},"end":{"line":52,"column":22}},"15":{"start":{"line":55,"column":16},"end":{"line":55,"column":70}},"16":{"start":{"line":56,"column":16},"end":{"line":56,"column":22}},"17":{"start":{"line":59,"column":8},"end":{"line":72,"column":10}},"18":{"start":{"line":75,"column":23},"end":{"line":87,"column":5}},"19":{"start":{"line":76,"column":8},"end":{"line":86,"column":14}},"20":{"start":{"line":89,"column":31},"end":{"line":122,"column":5}},"21":{"start":{"line":90,"column":26},"end":{"line":93,"column":9}},"22":{"start":{"line":95,"column":34},"end":{"line":100,"column":10}},"23":{"start":{"line":102,"column":33},"end":{"line":105,"column":10}},"24":{"start":{"line":107,"column":26},"end":{"line":109,"column":9}},"25":{"start":{"line":111,"column":8},"end":{"line":121,"column":10}},"26":{"start":{"line":124,"column":4},"end":{"line":132,"column":6}},"27":{"start":{"line":135,"column":0},"end":{"line":147,"column":2}}},"fnMap":{"0":{"name":"(anonymous_0)","decl":{"start":{"line":6,"column":13},"end":{"line":6,"column":14}},"loc":{"start":{"line":18,"column":6},"end":{"line":133,"column":1}},"line":18},"1":{"name":"(anonymous_1)","decl":{"start":{"line":25,"column":24},"end":{"line":25,"column":25}},"loc":{"start":{"line":25,"column":30},"end":{"line":73,"column":5}},"line":25},"2":{"name":"(anonymous_2)","decl":{"start":{"line":75,"column":23},"end":{"line":75,"column":24}},"loc":{"start":{"line":76,"column":8},"end":{"line":86,"column":14}},"line":76},"3":{"name":"(anonymous_3)","decl":{"start":{"line":89,"column":31},"end":{"line":89,"column":32}},"loc":{"start":{"line":89,"column":37},"end":{"line":122,"column":5}},"line":89},"4":{"name":"(anonymous_4)","decl":{"start":{"line":116,"column":59},"end":{"line":116,"column":60}},"loc":{"start":{"line":116,"column":65},"end":{"line":116,"column":67}},"line":116}},"branchMap":{"0":{"loc":{"start":{"line":10,"column":4},"end":{"line":10,"column":17}},"type":"default-arg","locations":[{"start":{"line":10,"column":15},"end":{"line":10,"column":17}}],"line":10},"1":{"loc":{"start":{"line":15,"column":4},"end":{"line":15,"column":23}},"type":"default-arg","locations":[{"start":{"line":15,"column":16},"end":{"line":15,"column":23}}],"line":15},"2":{"loc":{"start":{"line":16,"column":4},"end":{"line":16,"column":20}},"type":"default-arg","locations":[{"start":{"line":16,"column":16},"end":{"line":16,"column":20}}],"line":16},"3":{"loc":{"start":{"line":17,"column":4},"end":{"line":17,"column":20}},"type":"default-arg","locations":[{"start":{"line":17,"column":15},"end":{"line":17,"column":20}}],"line":17},"4":{"loc":{"start":{"line":28,"column":8},"end":{"line":57,"column":9}},"type":"switch","locations":[{"start":{"line":29,"column":12},"end":{"line":31,"column":22}},{"start":{"line":32,"column":12},"end":{"line":34,"column":22}},{"start":{"line":35,"column":12},"end":{"line":46,"column":22}},{"start":{"line":47,"column":12},"end":{"line":49,"column":22}},{"start":{"line":50,"column":12},"end":{"line":52,"column":22}},{"start":{"line":53,"column":12},"end":{"line":56,"column":22}}],"line":28},"5":{"loc":{"start":{"line":61,"column":17},"end":{"line":70,"column":17}},"type":"cond-expr","locations":[{"start":{"line":62,"column":20},"end":{"line":67,"column":22}},{"start":{"line":69,"column":20},"end":{"line":69,"column":70}}],"line":61},"6":{"loc":{"start":{"line":77,"column":13},"end":{"line":81,"column":13}},"type":"binary-expr","locations":[{"start":{"line":77,"column":13},"end":{"line":77,"column":20}},{"start":{"line":78,"column":16},"end":{"line":80,"column":21}}],"line":77},"7":{"loc":{"start":{"line":82,"column":13},"end":{"line":84,"column":13}},"type":"binary-expr","locations":[{"start":{"line":82,"column":13},"end":{"line":82,"column":26}},{"start":{"line":83,"column":16},"end":{"line":83,"column":79}}],"line":82},"8":{"loc":{"start":{"line":85,"column":13},"end":{"line":85,"column":35}},"type":"binary-expr","locations":[{"start":{"line":85,"column":13},"end":{"line":85,"column":23}},{"start":{"line":85,"column":27},"end":{"line":85,"column":35}}],"line":85},"9":{"loc":{"start":{"line":91,"column":22},"end":{"line":91,"column":61}},"type":"cond-expr","locations":[{"start":{"line":91,"column":39},"end":{"line":91,"column":51}},{"start":{"line":91,"column":54},"end":{"line":91,"column":61}}],"line":91},"10":{"loc":{"start":{"line":92,"column":24},"end":{"line":92,"column":66}},"type":"cond-expr","locations":[{"start":{"line":92,"column":43},"end":{"line":92,"column":57}},{"start":{"line":92,"column":60},"end":{"line":92,"column":66}}],"line":92},"11":{"loc":{"start":{"line":108,"column":12},"end":{"line":108,"column":63}},"type":"cond-expr","locations":[{"start":{"line":108,"column":27},"end":{"line":108,"column":43}},{"start":{"line":108,"column":46},"end":{"line":108,"column":63}}],"line":108},"12":{"loc":{"start":{"line":116,"column":29},"end":{"line":116,"column":67}},"type":"cond-expr","locations":[{"start":{"line":116,"column":45},"end":{"line":116,"column":56}},{"start":{"line":116,"column":59},"end":{"line":116,"column":67}}],"line":116},"13":{"loc":{"start":{"line":118,"column":21},"end":{"line":118,"column":43}},"type":"binary-expr","locations":[{"start":{"line":118,"column":21},"end":{"line":118,"column":31}},{"start":{"line":118,"column":35},"end":{"line":118,"column":43}}],"line":118},"14":{"loc":{"start":{"line":128,"column":13},"end":{"line":128,"column":53}},"type":"binary-expr","locations":[{"start":{"line":128,"column":14},"end":{"line":128,"column":21}},{"start":{"line":128,"column":25},"end":{"line":128,"column":35}},{"start":{"line":128,"column":40},"end":{"line":128,"column":53}}],"line":128},"15":{"loc":{"start":{"line":130,"column":13},"end":{"line":130,"column":42}},"type":"binary-expr","locations":[{"start":{"line":130,"column":13},"end":{"line":130,"column":18}},{"start":{"line":130,"column":22},"end":{"line":130,"column":42}}],"line":130}},"s":{"0":1,"1":4,"2":4,"3":3,"4":3,"5":0,"6":0,"7":0,"8":0,"9":0,"10":0,"11":0,"12":0,"13":0,"14":0,"15":3,"16":3,"17":3,"18":4,"19":4,"20":4,"21":3,"22":3,"23":3,"24":3,"25":3,"26":4,"27":1},"f":{"0":4,"1":3,"2":4,"3":3,"4":0},"b":{"0":[1],"1":[4],"2":[4],"3":[4],"4":[0,0,0,0,0,3],"5":[3,0],"6":[4,4],"7":[4,3],"8":[4,1],"9":[0,3],"10":[0,3],"11":[0,3],"12":[1,2],"13":[3,3],"14":[4,4,3],"15":[4,3]},"_coverageSchema":"1a1c01bbd47fc00a2c39e90264f33305004495a9","hash":"70de0ced12ac61bd437cf3cc1e945f5074831895"}
,"D:\\js\\React\\bds\\src\\components\\Card\\index.js": {"path":"D:\\js\\React\\bds\\src\\components\\Card\\index.js","statementMap":{},"fnMap":{},"branchMap":{},"s":{},"f":{},"b":{}}
,"D:\\js\\React\\bds\\src\\components\\DaysOff\\DayOff.jsx": {"path":"D:\\js\\React\\bds\\src\\components\\DaysOff\\DayOff.jsx","statementMap":{"0":{"start":{"line":8,"column":15},"end":{"line":67,"column":1}},"1":{"start":{"line":14,"column":18},"end":{"line":14,"column":34}},"2":{"start":{"line":16,"column":19},"end":{"line":21,"column":5}},"3":{"start":{"line":23,"column":4},"end":{"line":66,"column":6}},"4":{"start":{"line":26,"column":16},"end":{"line":51,"column":22}},"5":{"start":{"line":35,"column":28},"end":{"line":35,"column":55}},"6":{"start":{"line":46,"column":32},"end":{"line":46,"column":52}},"7":{"start":{"line":69,"column":0},"end":{"line":74,"column":2}}},"fnMap":{"0":{"name":"(anonymous_0)","decl":{"start":{"line":8,"column":15},"end":{"line":8,"column":16}},"loc":{"start":{"line":13,"column":6},"end":{"line":67,"column":1}},"line":13},"1":{"name":"(anonymous_1)","decl":{"start":{"line":10,"column":19},"end":{"line":10,"column":20}},"loc":{"start":{"line":10,"column":25},"end":{"line":10,"column":27}},"line":10},"2":{"name":"(anonymous_2)","decl":{"start":{"line":25,"column":28},"end":{"line":25,"column":29}},"loc":{"start":{"line":26,"column":16},"end":{"line":51,"column":22}},"line":26},"3":{"name":"(anonymous_3)","decl":{"start":{"line":34,"column":34},"end":{"line":34,"column":35}},"loc":{"start":{"line":34,"column":45},"end":{"line":36,"column":25}},"line":34},"4":{"name":"(anonymous_4)","decl":{"start":{"line":45,"column":37},"end":{"line":45,"column":38}},"loc":{"start":{"line":45,"column":43},"end":{"line":47,"column":29}},"line":45}},"branchMap":{"0":{"loc":{"start":{"line":10,"column":4},"end":{"line":10,"column":27}},"type":"default-arg","locations":[{"start":{"line":10,"column":19},"end":{"line":10,"column":27}}],"line":10}},"s":{"0":4,"1":3,"2":3,"3":3,"4":33,"5":0,"6":1,"7":4},"f":{"0":3,"1":0,"2":33,"3":0,"4":1},"b":{"0":[0]},"_coverageSchema":"1a1c01bbd47fc00a2c39e90264f33305004495a9","hash":"9a0120353cb900a5a60d1fd6bb9f3dc5d76867ea"}
,"D:\\js\\React\\bds\\src\\components\\DaysOff\\index.js": {"path":"D:\\js\\React\\bds\\src\\components\\DaysOff\\index.js","statementMap":{},"fnMap":{},"branchMap":{},"s":{},"f":{},"b":{},"_coverageSchema":"1a1c01bbd47fc00a2c39e90264f33305004495a9","hash":"c55fc61505505c6f8a6bf9bf420da833db9bed2a"}
,"D:\\js\\React\\bds\\src\\components\\EmptyResult\\EmptyResult.js": {"path":"D:\\js\\React\\bds\\src\\components\\EmptyResult\\EmptyResult.js","statementMap":{"0":{"start":{"line":5,"column":20},"end":{"line":22,"column":1}},"1":{"start":{"line":6,"column":24},"end":{"line":8,"column":5}},"2":{"start":{"line":7,"column":8},"end":{"line":7,"column":67}},"3":{"start":{"line":9,"column":30},"end":{"line":13,"column":5}},"4":{"start":{"line":10,"column":8},"end":{"line":12,"column":12}},"5":{"start":{"line":15,"column":4},"end":{"line":21,"column":6}},"6":{"start":{"line":24,"column":0},"end":{"line":28,"column":2}}},"fnMap":{"0":{"name":"(anonymous_0)","decl":{"start":{"line":5,"column":20},"end":{"line":5,"column":21}},"loc":{"start":{"line":5,"column":58},"end":{"line":22,"column":1}},"line":5},"1":{"name":"(anonymous_1)","decl":{"start":{"line":6,"column":24},"end":{"line":6,"column":25}},"loc":{"start":{"line":7,"column":8},"end":{"line":7,"column":67}},"line":7},"2":{"name":"(anonymous_2)","decl":{"start":{"line":9,"column":30},"end":{"line":9,"column":31}},"loc":{"start":{"line":10,"column":8},"end":{"line":12,"column":12}},"line":10}},"branchMap":{"0":{"loc":{"start":{"line":11,"column":13},"end":{"line":11,"column":36}},"type":"binary-expr","locations":[{"start":{"line":11,"column":13},"end":{"line":11,"column":24}},{"start":{"line":11,"column":28},"end":{"line":11,"column":36}}],"line":11},"1":{"loc":{"start":{"line":18,"column":13},"end":{"line":18,"column":37}},"type":"binary-expr","locations":[{"start":{"line":18,"column":13},"end":{"line":18,"column":20}},{"start":{"line":18,"column":24},"end":{"line":18,"column":37}}],"line":18},"2":{"loc":{"start":{"line":19,"column":13},"end":{"line":19,"column":65}},"type":"binary-expr","locations":[{"start":{"line":19,"column":14},"end":{"line":19,"column":27}},{"start":{"line":19,"column":31},"end":{"line":19,"column":41}},{"start":{"line":19,"column":46},"end":{"line":19,"column":65}}],"line":19}},"s":{"0":1,"1":2,"2":2,"3":2,"4":2,"5":2,"6":1},"f":{"0":2,"1":2,"2":2},"b":{"0":[2,0],"1":[2,2],"2":[2,0,2]},"_coverageSchema":"1a1c01bbd47fc00a2c39e90264f33305004495a9","hash":"da65a9ac7523427662ef54ab2572457c827e545e"}
,"D:\\js\\React\\bds\\src\\components\\EmptyResult\\index.js": {"path":"D:\\js\\React\\bds\\src\\components\\EmptyResult\\index.js","statementMap":{},"fnMap":{},"branchMap":{},"s":{},"f":{},"b":{}}
,"D:\\js\\React\\bds\\src\\components\\Header\\Header.jsx": {"path":"D:\\js\\React\\bds\\src\\components\\Header\\Header.jsx","statementMap":{"0":{"start":{"line":7,"column":15},"end":{"line":28,"column":1}},"1":{"start":{"line":8,"column":18},"end":{"line":8,"column":34}},"2":{"start":{"line":10,"column":26},"end":{"line":19,"column":5}},"3":{"start":{"line":11,"column":8},"end":{"line":18,"column":14}},"4":{"start":{"line":15,"column":31},"end":{"line":15,"column":40}},"5":{"start":{"line":21,"column":4},"end":{"line":27,"column":6}},"6":{"start":{"line":30,"column":0},"end":{"line":35,"column":2}}},"fnMap":{"0":{"name":"(anonymous_0)","decl":{"start":{"line":7,"column":15},"end":{"line":7,"column":16}},"loc":{"start":{"line":7,"column":56},"end":{"line":28,"column":1}},"line":7},"1":{"name":"(anonymous_1)","decl":{"start":{"line":7,"column":41},"end":{"line":7,"column":42}},"loc":{"start":{"line":7,"column":47},"end":{"line":7,"column":49}},"line":7},"2":{"name":"(anonymous_2)","decl":{"start":{"line":10,"column":26},"end":{"line":10,"column":27}},"loc":{"start":{"line":11,"column":8},"end":{"line":18,"column":14}},"line":11},"3":{"name":"(anonymous_3)","decl":{"start":{"line":15,"column":25},"end":{"line":15,"column":26}},"loc":{"start":{"line":15,"column":31},"end":{"line":15,"column":40}},"line":15}},"branchMap":{"0":{"loc":{"start":{"line":7,"column":31},"end":{"line":7,"column":49}},"type":"default-arg","locations":[{"start":{"line":7,"column":41},"end":{"line":7,"column":49}}],"line":7}},"s":{"0":2,"1":2,"2":2,"3":2,"4":0,"5":2,"6":2},"f":{"0":2,"1":0,"2":2,"3":0},"b":{"0":[0]},"_coverageSchema":"1a1c01bbd47fc00a2c39e90264f33305004495a9","hash":"8d0b7e693b4240389354fc55fb8491481aff24c4"}
,"D:\\js\\React\\bds\\src\\components\\Header\\index.js": {"path":"D:\\js\\React\\bds\\src\\components\\Header\\index.js","statementMap":{},"fnMap":{},"branchMap":{},"s":{},"f":{},"b":{},"_coverageSchema":"1a1c01bbd47fc00a2c39e90264f33305004495a9","hash":"06f68d278ba59782e0c0a8fe4fd4ff7a8f88c101"}
,"D:\\js\\React\\bds\\src\\components\\HoursList\\HoursList.jsx": {"path":"D:\\js\\React\\bds\\src\\components\\HoursList\\HoursList.jsx","statementMap":{"0":{"start":{"line":7,"column":18},"end":{"line":74,"column":1}},"1":{"start":{"line":15,"column":18},"end":{"line":15,"column":34}},"2":{"start":{"line":17,"column":4},"end":{"line":73,"column":6}},"3":{"start":{"line":20,"column":16},"end":{"line":56,"column":22}},"4":{"start":{"line":30,"column":28},"end":{"line":30,"column":65}},"5":{"start":{"line":40,"column":28},"end":{"line":40,"column":63}},"6":{"start":{"line":52,"column":32},"end":{"line":52,"column":65}},"7":{"start":{"line":68,"column":24},"end":{"line":68,"column":43}},"8":{"start":{"line":76,"column":0},"end":{"line":83,"column":2}}},"fnMap":{"0":{"name":"(anonymous_0)","decl":{"start":{"line":7,"column":18},"end":{"line":7,"column":19}},"loc":{"start":{"line":14,"column":6},"end":{"line":74,"column":1}},"line":14},"1":{"name":"(anonymous_1)","decl":{"start":{"line":19,"column":27},"end":{"line":19,"column":28}},"loc":{"start":{"line":20,"column":16},"end":{"line":56,"column":22}},"line":20},"2":{"name":"(anonymous_2)","decl":{"start":{"line":29,"column":34},"end":{"line":29,"column":35}},"loc":{"start":{"line":29,"column":45},"end":{"line":31,"column":25}},"line":29},"3":{"name":"(anonymous_3)","decl":{"start":{"line":39,"column":34},"end":{"line":39,"column":35}},"loc":{"start":{"line":39,"column":45},"end":{"line":41,"column":25}},"line":39},"4":{"name":"(anonymous_4)","decl":{"start":{"line":51,"column":37},"end":{"line":51,"column":38}},"loc":{"start":{"line":51,"column":43},"end":{"line":53,"column":29}},"line":51},"5":{"name":"(anonymous_5)","decl":{"start":{"line":67,"column":29},"end":{"line":67,"column":30}},"loc":{"start":{"line":67,"column":35},"end":{"line":69,"column":21}},"line":67}},"branchMap":{},"s":{"0":4,"1":10,"2":10,"3":8,"4":0,"5":0,"6":1,"7":1,"8":4},"f":{"0":10,"1":8,"2":0,"3":0,"4":1,"5":1},"b":{},"_coverageSchema":"1a1c01bbd47fc00a2c39e90264f33305004495a9","hash":"c9d23536158d7ba0f05d2caf5d68f36005f1815f"}
,"D:\\js\\React\\bds\\src\\components\\HoursList\\index.js": {"path":"D:\\js\\React\\bds\\src\\components\\HoursList\\index.js","statementMap":{},"fnMap":{},"branchMap":{},"s":{},"f":{},"b":{},"_coverageSchema":"1a1c01bbd47fc00a2c39e90264f33305004495a9","hash":"c38ec184c504e8eaf6190507690291b7040e3c19"}
,"D:\\js\\React\\bds\\src\\components\\Input\\Input.js": {"path":"D:\\js\\React\\bds\\src\\components\\Input\\Input.js","statementMap":{"0":{"start":{"line":6,"column":14},"end":{"line":90,"column":1}},"1":{"start":{"line":30,"column":25},"end":{"line":30,"column":37}},"2":{"start":{"line":31,"column":30},"end":{"line":31,"column":42}},"3":{"start":{"line":32,"column":15},"end":{"line":32,"column":19}},"4":{"start":{"line":34,"column":4},"end":{"line":46,"column":11}},"5":{"start":{"line":35,"column":28},"end":{"line":35,"column":40}},"6":{"start":{"line":36,"column":8},"end":{"line":36,"column":60}},"7":{"start":{"line":37,"column":8},"end":{"line":37,"column":64}},"8":{"start":{"line":37,"column":52},"end":{"line":37,"column":62}},"9":{"start":{"line":38,"column":8},"end":{"line":38,"column":64}},"10":{"start":{"line":38,"column":53},"end":{"line":38,"column":62}},"11":{"start":{"line":40,"column":8},"end":{"line":44,"column":10}},"12":{"start":{"line":41,"column":12},"end":{"line":41,"column":67}},"13":{"start":{"line":42,"column":12},"end":{"line":42,"column":71}},"14":{"start":{"line":42,"column":59},"end":{"line":42,"column":69}},"15":{"start":{"line":43,"column":12},"end":{"line":43,"column":71}},"16":{"start":{"line":43,"column":60},"end":{"line":43,"column":69}},"17":{"start":{"line":48,"column":4},"end":{"line":53,"column":18}},"18":{"start":{"line":49,"column":28},"end":{"line":49,"column":40}},"19":{"start":{"line":50,"column":8},"end":{"line":52,"column":9}},"20":{"start":{"line":51,"column":12},"end":{"line":51,"column":31}},"21":{"start":{"line":55,"column":4},"end":{"line":61,"column":32}},"22":{"start":{"line":56,"column":8},"end":{"line":60,"column":10}},"23":{"start":{"line":63,"column":25},"end":{"line":66,"column":5}},"24":{"start":{"line":64,"column":8},"end":{"line":64,"column":27}},"25":{"start":{"line":65,"column":8},"end":{"line":65,"column":55}},"26":{"start":{"line":65,"column":32},"end":{"line":65,"column":43}},"27":{"start":{"line":68,"column":4},"end":{"line":89,"column":6}},"28":{"start":{"line":92,"column":0},"end":{"line":115,"column":2}}},"fnMap":{"0":{"name":"(anonymous_0)","decl":{"start":{"line":6,"column":14},"end":{"line":6,"column":15}},"loc":{"start":{"line":29,"column":6},"end":{"line":90,"column":1}},"line":29},"1":{"name":"(anonymous_1)","decl":{"start":{"line":26,"column":14},"end":{"line":26,"column":15}},"loc":{"start":{"line":26,"column":20},"end":{"line":26,"column":22}},"line":26},"2":{"name":"(anonymous_2)","decl":{"start":{"line":27,"column":13},"end":{"line":27,"column":14}},"loc":{"start":{"line":27,"column":19},"end":{"line":27,"column":21}},"line":27},"3":{"name":"(anonymous_3)","decl":{"start":{"line":28,"column":15},"end":{"line":28,"column":16}},"loc":{"start":{"line":28,"column":21},"end":{"line":28,"column":23}},"line":28},"4":{"name":"(anonymous_4)","decl":{"start":{"line":34,"column":14},"end":{"line":34,"column":15}},"loc":{"start":{"line":34,"column":20},"end":{"line":46,"column":5}},"line":34},"5":{"name":"(anonymous_5)","decl":{"start":{"line":37,"column":45},"end":{"line":37,"column":46}},"loc":{"start":{"line":37,"column":52},"end":{"line":37,"column":62}},"line":37},"6":{"name":"(anonymous_6)","decl":{"start":{"line":38,"column":46},"end":{"line":38,"column":47}},"loc":{"start":{"line":38,"column":53},"end":{"line":38,"column":62}},"line":38},"7":{"name":"(anonymous_7)","decl":{"start":{"line":40,"column":15},"end":{"line":40,"column":16}},"loc":{"start":{"line":40,"column":21},"end":{"line":44,"column":9}},"line":40},"8":{"name":"(anonymous_8)","decl":{"start":{"line":42,"column":52},"end":{"line":42,"column":53}},"loc":{"start":{"line":42,"column":59},"end":{"line":42,"column":69}},"line":42},"9":{"name":"(anonymous_9)","decl":{"start":{"line":43,"column":53},"end":{"line":43,"column":54}},"loc":{"start":{"line":43,"column":60},"end":{"line":43,"column":69}},"line":43},"10":{"name":"(anonymous_10)","decl":{"start":{"line":48,"column":14},"end":{"line":48,"column":15}},"loc":{"start":{"line":48,"column":20},"end":{"line":53,"column":5}},"line":48},"11":{"name":"(anonymous_11)","decl":{"start":{"line":55,"column":14},"end":{"line":55,"column":15}},"loc":{"start":{"line":55,"column":20},"end":{"line":61,"column":5}},"line":55},"12":{"name":"(anonymous_12)","decl":{"start":{"line":63,"column":25},"end":{"line":63,"column":26}},"loc":{"start":{"line":63,"column":32},"end":{"line":66,"column":5}},"line":63},"13":{"name":"(anonymous_13)","decl":{"start":{"line":65,"column":26},"end":{"line":65,"column":27}},"loc":{"start":{"line":65,"column":32},"end":{"line":65,"column":43}},"line":65}},"branchMap":{"0":{"loc":{"start":{"line":17,"column":4},"end":{"line":17,"column":28}},"type":"default-arg","locations":[{"start":{"line":17,"column":17},"end":{"line":17,"column":28}}],"line":17},"1":{"loc":{"start":{"line":18,"column":4},"end":{"line":18,"column":18}},"type":"default-arg","locations":[{"start":{"line":18,"column":13},"end":{"line":18,"column":18}}],"line":18},"2":{"loc":{"start":{"line":19,"column":4},"end":{"line":19,"column":19}},"type":"default-arg","locations":[{"start":{"line":19,"column":14},"end":{"line":19,"column":19}}],"line":19},"3":{"loc":{"start":{"line":20,"column":4},"end":{"line":20,"column":18}},"type":"default-arg","locations":[{"start":{"line":20,"column":15},"end":{"line":20,"column":18}}],"line":20},"4":{"loc":{"start":{"line":21,"column":4},"end":{"line":21,"column":20}},"type":"default-arg","locations":[{"start":{"line":21,"column":19},"end":{"line":21,"column":20}}],"line":21},"5":{"loc":{"start":{"line":22,"column":4},"end":{"line":22,"column":20}},"type":"default-arg","locations":[{"start":{"line":22,"column":19},"end":{"line":22,"column":20}}],"line":22},"6":{"loc":{"start":{"line":23,"column":4},"end":{"line":23,"column":22}},"type":"default-arg","locations":[{"start":{"line":23,"column":17},"end":{"line":23,"column":22}}],"line":23},"7":{"loc":{"start":{"line":24,"column":4},"end":{"line":24,"column":15}},"type":"default-arg","locations":[{"start":{"line":24,"column":13},"end":{"line":24,"column":15}}],"line":24},"8":{"loc":{"start":{"line":25,"column":4},"end":{"line":25,"column":16}},"type":"default-arg","locations":[{"start":{"line":25,"column":14},"end":{"line":25,"column":16}}],"line":25},"9":{"loc":{"start":{"line":26,"column":4},"end":{"line":26,"column":22}},"type":"default-arg","locations":[{"start":{"line":26,"column":14},"end":{"line":26,"column":22}}],"line":26},"10":{"loc":{"start":{"line":27,"column":4},"end":{"line":27,"column":21}},"type":"default-arg","locations":[{"start":{"line":27,"column":13},"end":{"line":27,"column":21}}],"line":27},"11":{"loc":{"start":{"line":28,"column":4},"end":{"line":28,"column":23}},"type":"default-arg","locations":[{"start":{"line":28,"column":15},"end":{"line":28,"column":23}}],"line":28},"12":{"loc":{"start":{"line":50,"column":8},"end":{"line":52,"column":9}},"type":"if","locations":[{"start":{"line":50,"column":8},"end":{"line":52,"column":9}},{"start":{},"end":{}}],"line":50},"13":{"loc":{"start":{"line":50,"column":12},"end":{"line":50,"column":34}},"type":"binary-expr","locations":[{"start":{"line":50,"column":12},"end":{"line":50,"column":21}},{"start":{"line":50,"column":25},"end":{"line":50,"column":34}}],"line":50},"14":{"loc":{"start":{"line":57,"column":12},"end":{"line":59,"column":20}},"type":"cond-expr","locations":[{"start":{"line":58,"column":18},"end":{"line":58,"column":37}},{"start":{"line":59,"column":18},"end":{"line":59,"column":20}}],"line":57},"15":{"loc":{"start":{"line":57,"column":12},"end":{"line":57,"column":55}},"type":"binary-expr","locations":[{"start":{"line":57,"column":12},"end":{"line":57,"column":32}},{"start":{"line":57,"column":36},"end":{"line":57,"column":55}}],"line":57},"16":{"loc":{"start":{"line":79,"column":24},"end":{"line":79,"column":41}},"type":"binary-expr","locations":[{"start":{"line":79,"column":24},"end":{"line":79,"column":31}},{"start":{"line":79,"column":35},"end":{"line":79,"column":41}}],"line":79},"17":{"loc":{"start":{"line":80,"column":31},"end":{"line":80,"column":52}},"type":"binary-expr","locations":[{"start":{"line":80,"column":31},"end":{"line":80,"column":36}},{"start":{"line":80,"column":40},"end":{"line":80,"column":52}}],"line":80},"18":{"loc":{"start":{"line":81,"column":22},"end":{"line":81,"column":43}},"type":"cond-expr","locations":[{"start":{"line":81,"column":30},"end":{"line":81,"column":36}},{"start":{"line":81,"column":39},"end":{"line":81,"column":43}}],"line":81}},"s":{"0":6,"1":52,"2":52,"3":52,"4":52,"5":52,"6":52,"7":52,"8":0,"9":52,"10":0,"11":52,"12":52,"13":52,"14":0,"15":52,"16":0,"17":52,"18":52,"19":52,"20":0,"21":52,"22":52,"23":52,"24":0,"25":0,"26":0,"27":52,"28":6},"f":{"0":52,"1":0,"2":0,"3":0,"4":52,"5":0,"6":0,"7":52,"8":0,"9":0,"10":52,"11":52,"12":0,"13":0},"b":{"0":[11],"1":[52],"2":[52],"3":[52],"4":[52],"5":[52],"6":[52],"7":[52],"8":[52],"9":[52],"10":[50],"11":[0],"12":[0,52],"13":[52,0],"14":[0,52],"15":[52,0],"16":[52,52],"17":[52,52],"18":[3,49]},"_coverageSchema":"1a1c01bbd47fc00a2c39e90264f33305004495a9","hash":"dcbe7c0486f8b4a78478222031b7b5de47685042"}
,"D:\\js\\React\\bds\\src\\components\\Input\\index.js": {"path":"D:\\js\\React\\bds\\src\\components\\Input\\index.js","statementMap":{},"fnMap":{},"branchMap":{},"s":{},"f":{},"b":{},"_coverageSchema":"1a1c01bbd47fc00a2c39e90264f33305004495a9","hash":"fa8a58bb30f24efdd2c46b2562160dbb45d4127e"}
,"D:\\js\\React\\bds\\src\\components\\ListWeek\\ListWeek.jsx": {"path":"D:\\js\\React\\bds\\src\\components\\ListWeek\\ListWeek.jsx","statementMap":{"0":{"start":{"line":5,"column":17},"end":{"line":30,"column":1}},"1":{"start":{"line":12,"column":4},"end":{"line":29,"column":6}},"2":{"start":{"line":15,"column":16},"end":{"line":26,"column":22}},"3":{"start":{"line":32,"column":0},"end":{"line":39,"column":2}}},"fnMap":{"0":{"name":"(anonymous_0)","decl":{"start":{"line":5,"column":17},"end":{"line":5,"column":18}},"loc":{"start":{"line":11,"column":6},"end":{"line":30,"column":1}},"line":11},"1":{"name":"(anonymous_1)","decl":{"start":{"line":14,"column":32},"end":{"line":14,"column":33}},"loc":{"start":{"line":15,"column":16},"end":{"line":26,"column":22}},"line":15}},"branchMap":{},"s":{"0":3,"1":1,"2":7,"3":3},"f":{"0":1,"1":7},"b":{},"_coverageSchema":"1a1c01bbd47fc00a2c39e90264f33305004495a9","hash":"b5040ff6ca4c7bf24d3b3fd9e794c6604f6007ab"}
,"D:\\js\\React\\bds\\src\\components\\ListWeek\\index.js": {"path":"D:\\js\\React\\bds\\src\\components\\ListWeek\\index.js","statementMap":{},"fnMap":{},"branchMap":{},"s":{},"f":{},"b":{},"_coverageSchema":"1a1c01bbd47fc00a2c39e90264f33305004495a9","hash":"d30b3156dac0b6fa8cb2f0129db78012a911d570"}
,"D:\\js\\React\\bds\\src\\components\\PageHeader\\PageHeader.js": {"path":"D:\\js\\React\\bds\\src\\components\\PageHeader\\PageHeader.js","statementMap":{"0":{"start":{"line":4,"column":35},"end":{"line":4,"column":44}},"1":{"start":{"line":5,"column":35},"end":{"line":5,"column":44}},"2":{"start":{"line":7,"column":19},"end":{"line":64,"column":1}},"3":{"start":{"line":16,"column":28},"end":{"line":26,"column":5}},"4":{"start":{"line":17,"column":8},"end":{"line":25,"column":14}},"5":{"start":{"line":28,"column":4},"end":{"line":63,"column":6}},"6":{"start":{"line":66,"column":0},"end":{"line":74,"column":2}}},"fnMap":{"0":{"name":"(anonymous_0)","decl":{"start":{"line":7,"column":19},"end":{"line":7,"column":20}},"loc":{"start":{"line":15,"column":6},"end":{"line":64,"column":1}},"line":15},"1":{"name":"(anonymous_1)","decl":{"start":{"line":16,"column":28},"end":{"line":16,"column":29}},"loc":{"start":{"line":17,"column":8},"end":{"line":25,"column":14}},"line":17}},"branchMap":{"0":{"loc":{"start":{"line":10,"column":4},"end":{"line":10,"column":25}},"type":"default-arg","locations":[{"start":{"line":10,"column":20},"end":{"line":10,"column":25}}],"line":10},"1":{"loc":{"start":{"line":12,"column":4},"end":{"line":12,"column":28}},"type":"default-arg","locations":[{"start":{"line":12,"column":23},"end":{"line":12,"column":28}}],"line":12},"2":{"loc":{"start":{"line":31,"column":17},"end":{"line":42,"column":17}},"type":"binary-expr","locations":[{"start":{"line":31,"column":17},"end":{"line":31,"column":33}},{"start":{"line":32,"column":20},"end":{"line":41,"column":26}}],"line":31},"3":{"loc":{"start":{"line":44,"column":17},"end":{"line":51,"column":17}},"type":"binary-expr","locations":[{"start":{"line":44,"column":17},"end":{"line":44,"column":23}},{"start":{"line":45,"column":20},"end":{"line":50,"column":26}}],"line":44},"4":{"loc":{"start":{"line":55,"column":17},"end":{"line":55,"column":65}},"type":"binary-expr","locations":[{"start":{"line":55,"column":17},"end":{"line":55,"column":30}},{"start":{"line":55,"column":34},"end":{"line":55,"column":44}},{"start":{"line":55,"column":48},"end":{"line":55,"column":65}}],"line":55},"5":{"loc":{"start":{"line":57,"column":13},"end":{"line":61,"column":13}},"type":"binary-expr","locations":[{"start":{"line":57,"column":13},"end":{"line":57,"column":29}},{"start":{"line":58,"column":16},"end":{"line":60,"column":22}}],"line":57}},"s":{"0":3,"1":3,"2":3,"3":5,"4":2,"5":5,"6":3},"f":{"0":5,"1":2},"b":{"0":[3],"1":[2],"2":[5,1],"3":[5,2],"4":[5,2,2],"5":[5,5]},"_coverageSchema":"1a1c01bbd47fc00a2c39e90264f33305004495a9","hash":"f1b8f9ff6d236f1b63ee054f44c9a241f69ae7c4"}
,"D:\\js\\React\\bds\\src\\components\\PageHeader\\index.js": {"path":"D:\\js\\React\\bds\\src\\components\\PageHeader\\index.js","statementMap":{},"fnMap":{},"branchMap":{},"s":{},"f":{},"b":{},"_coverageSchema":"1a1c01bbd47fc00a2c39e90264f33305004495a9","hash":"c8b121eba61a254010a8ef895b75e355c3303c5e"}
,"D:\\js\\React\\bds\\src\\components\\Paper\\Paper.js": {"path":"D:\\js\\React\\bds\\src\\components\\Paper\\Paper.js","statementMap":{"0":{"start":{"line":5,"column":14},"end":{"line":11,"column":1}},"1":{"start":{"line":6,"column":4},"end":{"line":10,"column":6}},"2":{"start":{"line":13,"column":0},"end":{"line":17,"column":2}}},"fnMap":{"0":{"name":"(anonymous_0)","decl":{"start":{"line":5,"column":14},"end":{"line":5,"column":15}},"loc":{"start":{"line":5,"column":66},"end":{"line":11,"column":1}},"line":5}},"branchMap":{"0":{"loc":{"start":{"line":5,"column":17},"end":{"line":5,"column":38}},"type":"default-arg","locations":[{"start":{"line":5,"column":29},"end":{"line":5,"column":38}}],"line":5}},"s":{"0":1,"1":2,"2":1},"f":{"0":2},"b":{"0":[0]},"_coverageSchema":"1a1c01bbd47fc00a2c39e90264f33305004495a9","hash":"00e5ca474a44ac6a97fa9a59cec5a202f361b186"}
,"D:\\js\\React\\bds\\src\\components\\Paper\\index.js": {"path":"D:\\js\\React\\bds\\src\\components\\Paper\\index.js","statementMap":{},"fnMap":{},"branchMap":{},"s":{},"f":{},"b":{}}
,"D:\\js\\React\\bds\\src\\components\\Scheduler\\Scheduler.js": {"path":"D:\\js\\React\\bds\\src\\components\\Scheduler\\Scheduler.js","statementMap":{"0":{"start":{"line":21,"column":18},"end":{"line":230,"column":1}},"1":{"start":{"line":22,"column":38},"end":{"line":22,"column":43}},"2":{"start":{"line":24,"column":30},"end":{"line":24,"column":44}},"3":{"start":{"line":26,"column":18},"end":{"line":26,"column":34}},"4":{"start":{"line":27,"column":19},"end":{"line":33,"column":5}},"5":{"start":{"line":36,"column":4},"end":{"line":49,"column":27}},"6":{"start":{"line":37,"column":8},"end":{"line":48,"column":11}},"7":{"start":{"line":38,"column":12},"end":{"line":47,"column":13}},"8":{"start":{"line":39,"column":16},"end":{"line":44,"column":17}},"9":{"start":{"line":40,"column":20},"end":{"line":40,"column":41}},"10":{"start":{"line":41,"column":20},"end":{"line":41,"column":56}},"11":{"start":{"line":43,"column":20},"end":{"line":43,"column":52}},"12":{"start":{"line":46,"column":16},"end":{"line":46,"column":26}},"13":{"start":{"line":53,"column":30},"end":{"line":63,"column":5}},"14":{"start":{"line":54,"column":33},"end":{"line":57,"column":9}},"15":{"start":{"line":59,"column":8},"end":{"line":62,"column":11}},"16":{"start":{"line":65,"column":22},"end":{"line":79,"column":5}},"17":{"start":{"line":66,"column":25},"end":{"line":66,"column":72}},"18":{"start":{"line":68,"column":8},"end":{"line":70,"column":11}},"19":{"start":{"line":72,"column":8},"end":{"line":78,"column":9}},"20":{"start":{"line":73,"column":12},"end":{"line":77,"column":14}},"21":{"start":{"line":81,"column":25},"end":{"line":85,"column":5}},"22":{"start":{"line":82,"column":23},"end":{"line":82,"column":35}},"23":{"start":{"line":83,"column":8},"end":{"line":83,"column":43}},"24":{"start":{"line":84,"column":8},"end":{"line":84,"column":40}},"25":{"start":{"line":87,"column":27},"end":{"line":91,"column":5}},"26":{"start":{"line":88,"column":23},"end":{"line":88,"column":35}},"27":{"start":{"line":89,"column":8},"end":{"line":89,"column":66}},"28":{"start":{"line":90,"column":8},"end":{"line":90,"column":34}},"29":{"start":{"line":93,"column":24},"end":{"line":103,"column":5}},"30":{"start":{"line":94,"column":23},"end":{"line":94,"column":35}},"31":{"start":{"line":95,"column":25},"end":{"line":95,"column":51}},"32":{"start":{"line":96,"column":25},"end":{"line":98,"column":9}},"33":{"start":{"line":97,"column":30},"end":{"line":97,"column":49}},"34":{"start":{"line":99,"column":8},"end":{"line":101,"column":9}},"35":{"start":{"line":100,"column":12},"end":{"line":100,"column":48}},"36":{"start":{"line":102,"column":8},"end":{"line":102,"column":34}},"37":{"start":{"line":105,"column":22},"end":{"line":115,"column":5}},"38":{"start":{"line":106,"column":23},"end":{"line":106,"column":35}},"39":{"start":{"line":107,"column":25},"end":{"line":107,"column":51}},"40":{"start":{"line":108,"column":25},"end":{"line":110,"column":9}},"41":{"start":{"line":109,"column":30},"end":{"line":109,"column":49}},"42":{"start":{"line":111,"column":8},"end":{"line":113,"column":9}},"43":{"start":{"line":112,"column":12},"end":{"line":112,"column":46}},"44":{"start":{"line":114,"column":8},"end":{"line":114,"column":34}},"45":{"start":{"line":117,"column":25},"end":{"line":121,"column":5}},"46":{"start":{"line":118,"column":23},"end":{"line":118,"column":35}},"47":{"start":{"line":119,"column":8},"end":{"line":119,"column":54}},"48":{"start":{"line":120,"column":8},"end":{"line":120,"column":25}},"49":{"start":{"line":123,"column":24},"end":{"line":136,"column":5}},"50":{"start":{"line":124,"column":24},"end":{"line":127,"column":9}},"51":{"start":{"line":129,"column":23},"end":{"line":129,"column":35}},"52":{"start":{"line":130,"column":8},"end":{"line":134,"column":9}},"53":{"start":{"line":131,"column":12},"end":{"line":131,"column":59}},"54":{"start":{"line":133,"column":12},"end":{"line":133,"column":57}},"55":{"start":{"line":135,"column":8},"end":{"line":135,"column":34}},"56":{"start":{"line":138,"column":22},"end":{"line":143,"column":5}},"57":{"start":{"line":139,"column":24},"end":{"line":139,"column":31}},"58":{"start":{"line":140,"column":23},"end":{"line":140,"column":35}},"59":{"start":{"line":141,"column":8},"end":{"line":141,"column":40}},"60":{"start":{"line":142,"column":8},"end":{"line":142,"column":25}},"61":{"start":{"line":147,"column":4},"end":{"line":227,"column":5}},"62":{"start":{"line":148,"column":8},"end":{"line":226,"column":10}},"63":{"start":{"line":229,"column":4},"end":{"line":229,"column":35}},"64":{"start":{"line":232,"column":0},"end":{"line":236,"column":2}}},"fnMap":{"0":{"name":"(anonymous_0)","decl":{"start":{"line":21,"column":18},"end":{"line":21,"column":19}},"loc":{"start":{"line":21,"column":74},"end":{"line":230,"column":1}},"line":21},"1":{"name":"(anonymous_1)","decl":{"start":{"line":36,"column":14},"end":{"line":36,"column":15}},"loc":{"start":{"line":36,"column":20},"end":{"line":49,"column":5}},"line":36},"2":{"name":"(anonymous_2)","decl":{"start":{"line":37,"column":25},"end":{"line":37,"column":26}},"loc":{"start":{"line":37,"column":37},"end":{"line":48,"column":9}},"line":37},"3":{"name":"(anonymous_3)","decl":{"start":{"line":53,"column":30},"end":{"line":53,"column":31}},"loc":{"start":{"line":53,"column":39},"end":{"line":63,"column":5}},"line":53},"4":{"name":"(anonymous_4)","decl":{"start":{"line":65,"column":22},"end":{"line":65,"column":23}},"loc":{"start":{"line":65,"column":34},"end":{"line":79,"column":5}},"line":65},"5":{"name":"(anonymous_5)","decl":{"start":{"line":81,"column":25},"end":{"line":81,"column":26}},"loc":{"start":{"line":81,"column":42},"end":{"line":85,"column":5}},"line":81},"6":{"name":"(anonymous_6)","decl":{"start":{"line":87,"column":27},"end":{"line":87,"column":28}},"loc":{"start":{"line":87,"column":53},"end":{"line":91,"column":5}},"line":87},"7":{"name":"(anonymous_7)","decl":{"start":{"line":93,"column":24},"end":{"line":93,"column":25}},"loc":{"start":{"line":93,"column":57},"end":{"line":103,"column":5}},"line":93},"8":{"name":"(anonymous_8)","decl":{"start":{"line":97,"column":12},"end":{"line":97,"column":13}},"loc":{"start":{"line":97,"column":30},"end":{"line":97,"column":49}},"line":97},"9":{"name":"(anonymous_9)","decl":{"start":{"line":105,"column":22},"end":{"line":105,"column":23}},"loc":{"start":{"line":105,"column":55},"end":{"line":115,"column":5}},"line":105},"10":{"name":"(anonymous_10)","decl":{"start":{"line":109,"column":12},"end":{"line":109,"column":13}},"loc":{"start":{"line":109,"column":30},"end":{"line":109,"column":49}},"line":109},"11":{"name":"(anonymous_11)","decl":{"start":{"line":117,"column":25},"end":{"line":117,"column":26}},"loc":{"start":{"line":117,"column":43},"end":{"line":121,"column":5}},"line":117},"12":{"name":"(anonymous_12)","decl":{"start":{"line":123,"column":24},"end":{"line":123,"column":25}},"loc":{"start":{"line":123,"column":35},"end":{"line":136,"column":5}},"line":123},"13":{"name":"(anonymous_13)","decl":{"start":{"line":138,"column":22},"end":{"line":138,"column":23}},"loc":{"start":{"line":138,"column":28},"end":{"line":143,"column":5}},"line":138}},"branchMap":{"0":{"loc":{"start":{"line":39,"column":16},"end":{"line":44,"column":17}},"type":"if","locations":[{"start":{"line":39,"column":16},"end":{"line":44,"column":17}},{"start":{"line":42,"column":23},"end":{"line":44,"column":17}}],"line":39},"1":{"loc":{"start":{"line":39,"column":20},"end":{"line":39,"column":76}},"type":"binary-expr","locations":[{"start":{"line":39,"column":20},"end":{"line":39,"column":45}},{"start":{"line":39,"column":49},"end":{"line":39,"column":76}}],"line":39},"2":{"loc":{"start":{"line":72,"column":8},"end":{"line":78,"column":9}},"type":"if","locations":[{"start":{"line":72,"column":8},"end":{"line":78,"column":9}},{"start":{},"end":{}}],"line":72},"3":{"loc":{"start":{"line":99,"column":8},"end":{"line":101,"column":9}},"type":"if","locations":[{"start":{"line":99,"column":8},"end":{"line":101,"column":9}},{"start":{},"end":{}}],"line":99},"4":{"loc":{"start":{"line":111,"column":8},"end":{"line":113,"column":9}},"type":"if","locations":[{"start":{"line":111,"column":8},"end":{"line":113,"column":9}},{"start":{},"end":{}}],"line":111},"5":{"loc":{"start":{"line":130,"column":8},"end":{"line":134,"column":9}},"type":"if","locations":[{"start":{"line":130,"column":8},"end":{"line":134,"column":9}},{"start":{"line":132,"column":15},"end":{"line":134,"column":9}}],"line":130},"6":{"loc":{"start":{"line":147,"column":4},"end":{"line":227,"column":5}},"type":"if","locations":[{"start":{"line":147,"column":4},"end":{"line":227,"column":5}},{"start":{},"end":{}}],"line":147}},"s":{"0":3,"1":3,"2":3,"3":3,"4":3,"5":3,"6":2,"7":2,"8":2,"9":1,"10":1,"11":0,"12":1,"13":3,"14":1,"15":1,"16":3,"17":0,"18":0,"19":0,"20":0,"21":3,"22":0,"23":0,"24":0,"25":3,"26":0,"27":0,"28":0,"29":3,"30":0,"31":0,"32":0,"33":0,"34":0,"35":0,"36":0,"37":3,"38":0,"39":0,"40":0,"41":0,"42":0,"43":0,"44":0,"45":3,"46":0,"47":0,"48":0,"49":3,"50":0,"51":0,"52":0,"53":0,"54":0,"55":0,"56":3,"57":0,"58":0,"59":0,"60":0,"61":3,"62":1,"63":2,"64":3},"f":{"0":3,"1":2,"2":2,"3":1,"4":0,"5":0,"6":0,"7":0,"8":0,"9":0,"10":0,"11":0,"12":0,"13":0},"b":{"0":[1,0],"1":[2,1],"2":[0,0],"3":[0,0],"4":[0,0],"5":[0,0],"6":[1,2]},"_coverageSchema":"1a1c01bbd47fc00a2c39e90264f33305004495a9","hash":"85d1c7d4862ffa98a00454a663d6acaaef721c01"}
,"D:\\js\\React\\bds\\src\\components\\Scheduler\\index.js": {"path":"D:\\js\\React\\bds\\src\\components\\Scheduler\\index.js","statementMap":{},"fnMap":{},"branchMap":{},"s":{},"f":{},"b":{}}
,"D:\\js\\React\\bds\\src\\components\\SelectTeam\\SelectTeam.js": {"path":"D:\\js\\React\\bds\\src\\components\\SelectTeam\\SelectTeam.js","statementMap":{"0":{"start":{"line":6,"column":19},"end":{"line":46,"column":1}},"1":{"start":{"line":7,"column":44},"end":{"line":7,"column":56}},"2":{"start":{"line":8,"column":18},"end":{"line":8,"column":34}},"3":{"start":{"line":10,"column":26},"end":{"line":13,"column":5}},"4":{"start":{"line":11,"column":8},"end":{"line":11,"column":30}},"5":{"start":{"line":12,"column":8},"end":{"line":12,"column":29}},"6":{"start":{"line":15,"column":4},"end":{"line":19,"column":19}},"7":{"start":{"line":16,"column":8},"end":{"line":18,"column":9}},"8":{"start":{"line":17,"column":12},"end":{"line":17,"column":35}},"9":{"start":{"line":21,"column":4},"end":{"line":43,"column":5}},"10":{"start":{"line":22,"column":8},"end":{"line":42,"column":10}},"11":{"start":{"line":27,"column":39},"end":{"line":27,"column":61}},"12":{"start":{"line":32,"column":24},"end":{"line":38,"column":44}},"13":{"start":{"line":35,"column":43},"end":{"line":35,"column":68}},"14":{"start":{"line":45,"column":4},"end":{"line":45,"column":24}},"15":{"start":{"line":48,"column":0},"end":{"line":51,"column":2}}},"fnMap":{"0":{"name":"(anonymous_0)","decl":{"start":{"line":6,"column":19},"end":{"line":6,"column":20}},"loc":{"start":{"line":6,"column":53},"end":{"line":46,"column":1}},"line":6},"1":{"name":"(anonymous_1)","decl":{"start":{"line":10,"column":26},"end":{"line":10,"column":27}},"loc":{"start":{"line":10,"column":36},"end":{"line":13,"column":5}},"line":10},"2":{"name":"(anonymous_2)","decl":{"start":{"line":15,"column":14},"end":{"line":15,"column":15}},"loc":{"start":{"line":15,"column":20},"end":{"line":19,"column":5}},"line":15},"3":{"name":"(anonymous_3)","decl":{"start":{"line":27,"column":33},"end":{"line":27,"column":34}},"loc":{"start":{"line":27,"column":39},"end":{"line":27,"column":61}},"line":27},"4":{"name":"(anonymous_4)","decl":{"start":{"line":31,"column":41},"end":{"line":31,"column":42}},"loc":{"start":{"line":32,"column":24},"end":{"line":38,"column":44}},"line":32},"5":{"name":"(anonymous_5)","decl":{"start":{"line":35,"column":37},"end":{"line":35,"column":38}},"loc":{"start":{"line":35,"column":43},"end":{"line":35,"column":68}},"line":35}},"branchMap":{"0":{"loc":{"start":{"line":16,"column":8},"end":{"line":18,"column":9}},"type":"if","locations":[{"start":{"line":16,"column":8},"end":{"line":18,"column":9}},{"start":{},"end":{}}],"line":16},"1":{"loc":{"start":{"line":21,"column":4},"end":{"line":43,"column":5}},"type":"if","locations":[{"start":{"line":21,"column":4},"end":{"line":43,"column":5}},{"start":{},"end":{}}],"line":21}},"s":{"0":3,"1":5,"2":5,"3":5,"4":3,"5":3,"6":5,"7":2,"8":2,"9":5,"10":5,"11":1,"12":10,"13":0,"14":0,"15":3},"f":{"0":5,"1":3,"2":2,"3":1,"4":10,"5":0},"b":{"0":[2,0],"1":[5,0]},"_coverageSchema":"1a1c01bbd47fc00a2c39e90264f33305004495a9","hash":"c6687269824a8fc32d228e36fadf858e3ab1f396"}
,"D:\\js\\React\\bds\\src\\components\\SelectTeam\\index.js": {"path":"D:\\js\\React\\bds\\src\\components\\SelectTeam\\index.js","statementMap":{},"fnMap":{},"branchMap":{},"s":{},"f":{},"b":{}}
,"D:\\js\\React\\bds\\src\\factory\\api.js": {"path":"D:\\js\\React\\bds\\src\\factory\\api.js","statementMap":{"0":{"start":{"line":4,"column":20},"end":{"line":4,"column":34}},"1":{"start":{"line":5,"column":18},"end":{"line":5,"column":51}},"2":{"start":{"line":7,"column":19},"end":{"line":26,"column":1}},"3":{"start":{"line":8,"column":16},"end":{"line":8,"column":65}},"4":{"start":{"line":10,"column":4},"end":{"line":14,"column":7}},"5":{"start":{"line":11,"column":29},"end":{"line":11,"column":35}},"6":{"start":{"line":12,"column":8},"end":{"line":12,"column":59}},"7":{"start":{"line":13,"column":8},"end":{"line":13,"column":28}},"8":{"start":{"line":16,"column":4},"end":{"line":23,"column":6}},"9":{"start":{"line":18,"column":12},"end":{"line":18,"column":28}},"10":{"start":{"line":21,"column":12},"end":{"line":21,"column":41}},"11":{"start":{"line":25,"column":4},"end":{"line":25,"column":15}}},"fnMap":{"0":{"name":"(anonymous_0)","decl":{"start":{"line":7,"column":19},"end":{"line":7,"column":20}},"loc":{"start":{"line":7,"column":25},"end":{"line":26,"column":1}},"line":7},"1":{"name":"(anonymous_1)","decl":{"start":{"line":10,"column":33},"end":{"line":10,"column":34}},"loc":{"start":{"line":10,"column":51},"end":{"line":14,"column":5}},"line":10},"2":{"name":"(anonymous_2)","decl":{"start":{"line":17,"column":8},"end":{"line":17,"column":9}},"loc":{"start":{"line":17,"column":22},"end":{"line":19,"column":9}},"line":17},"3":{"name":"(anonymous_3)","decl":{"start":{"line":20,"column":8},"end":{"line":20,"column":9}},"loc":{"start":{"line":20,"column":19},"end":{"line":22,"column":9}},"line":20}},"branchMap":{},"s":{"0":1,"1":1,"2":1,"3":1,"4":1,"5":0,"6":0,"7":0,"8":1,"9":0,"10":0,"11":1},"f":{"0":1,"1":0,"2":0,"3":0},"b":{},"_coverageSchema":"1a1c01bbd47fc00a2c39e90264f33305004495a9","hash":"209ad3ebaf70939eff621ddc3d2f7ab3c9226e33"}
,"D:\\js\\React\\bds\\src\\hooks\\store.js": {"path":"D:\\js\\React\\bds\\src\\hooks\\store.js","statementMap":{"0":{"start":{"line":6,"column":21},"end":{"line":9,"column":1}},"1":{"start":{"line":10,"column":21},"end":{"line":10,"column":48}},"2":{"start":{"line":11,"column":16},"end":{"line":11,"column":46}},"3":{"start":{"line":11,"column":22},"end":{"line":11,"column":46}}},"fnMap":{"0":{"name":"(anonymous_0)","decl":{"start":{"line":8,"column":14},"end":{"line":8,"column":15}},"loc":{"start":{"line":8,"column":20},"end":{"line":8,"column":22}},"line":8},"1":{"name":"(anonymous_1)","decl":{"start":{"line":11,"column":16},"end":{"line":11,"column":17}},"loc":{"start":{"line":11,"column":22},"end":{"line":11,"column":46}},"line":11}},"branchMap":{},"s":{"0":0,"1":0,"2":0,"3":0},"f":{"0":0,"1":0},"b":{}}
,"D:\\js\\React\\bds\\src\\hooks\\useCombinedReducers.js": {"path":"D:\\js\\React\\bds\\src\\hooks\\useCombinedReducers.js","statementMap":{"0":{"start":{"line":8,"column":28},"end":{"line":20,"column":1}},"1":{"start":{"line":9,"column":44},"end":{"line":12,"column":5}},"2":{"start":{"line":13,"column":34},"end":{"line":13,"column":74}},"3":{"start":{"line":14,"column":30},"end":{"line":14,"column":66}},"4":{"start":{"line":16,"column":4},"end":{"line":19,"column":6}}},"fnMap":{"0":{"name":"(anonymous_0)","decl":{"start":{"line":8,"column":28},"end":{"line":8,"column":29}},"loc":{"start":{"line":8,"column":34},"end":{"line":20,"column":1}},"line":8}},"branchMap":{},"s":{"0":0,"1":0,"2":0,"3":0,"4":0},"f":{"0":0},"b":{}}
,"D:\\js\\React\\bds\\src\\hooks\\useFetch.js": {"path":"D:\\js\\React\\bds\\src\\hooks\\useFetch.js","statementMap":{"0":{"start":{"line":4,"column":20},"end":{"line":4,"column":24}},"1":{"start":{"line":5,"column":20},"end":{"line":5,"column":21}},"2":{"start":{"line":6,"column":23},"end":{"line":6,"column":28}},"3":{"start":{"line":8,"column":17},"end":{"line":26,"column":1}},"4":{"start":{"line":9,"column":20},"end":{"line":13,"column":5}},"5":{"start":{"line":15,"column":36},"end":{"line":23,"column":5}},"6":{"start":{"line":18,"column":29},"end":{"line":18,"column":50}},"7":{"start":{"line":20,"column":12},"end":{"line":20,"column":33}},"8":{"start":{"line":25,"column":4},"end":{"line":25,"column":35}}},"fnMap":{"0":{"name":"(anonymous_0)","decl":{"start":{"line":8,"column":17},"end":{"line":8,"column":18}},"loc":{"start":{"line":8,"column":26},"end":{"line":26,"column":1}},"line":8},"1":{"name":"(anonymous_1)","decl":{"start":{"line":17,"column":8},"end":{"line":17,"column":9}},"loc":{"start":{"line":17,"column":26},"end":{"line":21,"column":9}},"line":17}},"branchMap":{},"s":{"0":0,"1":0,"2":0,"3":0,"4":0,"5":0,"6":0,"7":0,"8":0},"f":{"0":0,"1":0},"b":{}}
,"D:\\js\\React\\bds\\src\\pages\\BuilderScheduler\\BuilderScheduler.js": {"path":"D:\\js\\React\\bds\\src\\pages\\BuilderScheduler\\BuilderScheduler.js","statementMap":{"0":{"start":{"line":17,"column":14},"end":{"line":17,"column":22}},"1":{"start":{"line":19,"column":25},"end":{"line":150,"column":1}},"2":{"start":{"line":20,"column":36},"end":{"line":20,"column":50}},"3":{"start":{"line":21,"column":42},"end":{"line":21,"column":56}},"4":{"start":{"line":22,"column":50},"end":{"line":22,"column":64}},"5":{"start":{"line":23,"column":52},"end":{"line":23,"column":66}},"6":{"start":{"line":25,"column":42},"end":{"line":25,"column":73}},"7":{"start":{"line":28,"column":4},"end":{"line":35,"column":32}},"8":{"start":{"line":29,"column":8},"end":{"line":34,"column":11}},"9":{"start":{"line":30,"column":12},"end":{"line":30,"column":60}},"10":{"start":{"line":31,"column":12},"end":{"line":33,"column":15}},"11":{"start":{"line":38,"column":4},"end":{"line":51,"column":7}},"12":{"start":{"line":39,"column":8},"end":{"line":50,"column":11}},"13":{"start":{"line":41,"column":12},"end":{"line":49,"column":13}},"14":{"start":{"line":42,"column":16},"end":{"line":48,"column":17}},"15":{"start":{"line":43,"column":20},"end":{"line":43,"column":58}},"16":{"start":{"line":44,"column":20},"end":{"line":44,"column":44}},"17":{"start":{"line":45,"column":20},"end":{"line":45,"column":67}},"18":{"start":{"line":47,"column":20},"end":{"line":47,"column":30}},"19":{"start":{"line":54,"column":4},"end":{"line":73,"column":26}},"20":{"start":{"line":55,"column":8},"end":{"line":72,"column":11}},"21":{"start":{"line":57,"column":12},"end":{"line":71,"column":13}},"22":{"start":{"line":58,"column":16},"end":{"line":70,"column":17}},"23":{"start":{"line":59,"column":42},"end":{"line":61,"column":21}},"24":{"start":{"line":63,"column":20},"end":{"line":67,"column":21}},"25":{"start":{"line":64,"column":24},"end":{"line":64,"column":59}},"26":{"start":{"line":66,"column":24},"end":{"line":66,"column":58}},"27":{"start":{"line":69,"column":20},"end":{"line":69,"column":30}},"28":{"start":{"line":75,"column":21},"end":{"line":78,"column":5}},"29":{"start":{"line":76,"column":8},"end":{"line":76,"column":32}},"30":{"start":{"line":77,"column":8},"end":{"line":77,"column":55}},"31":{"start":{"line":80,"column":30},"end":{"line":91,"column":5}},"32":{"start":{"line":81,"column":8},"end":{"line":83,"column":9}},"33":{"start":{"line":82,"column":12},"end":{"line":82,"column":30}},"34":{"start":{"line":86,"column":8},"end":{"line":88,"column":9}},"35":{"start":{"line":87,"column":12},"end":{"line":87,"column":59}},"36":{"start":{"line":90,"column":8},"end":{"line":90,"column":34}},"37":{"start":{"line":93,"column":4},"end":{"line":149,"column":6}},"38":{"start":{"line":97,"column":31},"end":{"line":97,"column":73}},"39":{"start":{"line":127,"column":47},"end":{"line":127,"column":64}}},"fnMap":{"0":{"name":"(anonymous_0)","decl":{"start":{"line":19,"column":25},"end":{"line":19,"column":26}},"loc":{"start":{"line":19,"column":31},"end":{"line":150,"column":1}},"line":19},"1":{"name":"(anonymous_1)","decl":{"start":{"line":28,"column":14},"end":{"line":28,"column":15}},"loc":{"start":{"line":28,"column":20},"end":{"line":35,"column":5}},"line":28},"2":{"name":"(anonymous_2)","decl":{"start":{"line":29,"column":25},"end":{"line":29,"column":26}},"loc":{"start":{"line":29,"column":37},"end":{"line":34,"column":9}},"line":29},"3":{"name":"(anonymous_3)","decl":{"start":{"line":38,"column":14},"end":{"line":38,"column":15}},"loc":{"start":{"line":38,"column":20},"end":{"line":51,"column":5}},"line":38},"4":{"name":"(anonymous_4)","decl":{"start":{"line":39,"column":25},"end":{"line":39,"column":26}},"loc":{"start":{"line":39,"column":37},"end":{"line":50,"column":9}},"line":39},"5":{"name":"(anonymous_5)","decl":{"start":{"line":54,"column":14},"end":{"line":54,"column":15}},"loc":{"start":{"line":54,"column":20},"end":{"line":73,"column":5}},"line":54},"6":{"name":"(anonymous_6)","decl":{"start":{"line":55,"column":25},"end":{"line":55,"column":26}},"loc":{"start":{"line":55,"column":37},"end":{"line":72,"column":9}},"line":55},"7":{"name":"(anonymous_7)","decl":{"start":{"line":75,"column":21},"end":{"line":75,"column":22}},"loc":{"start":{"line":75,"column":34},"end":{"line":78,"column":5}},"line":75},"8":{"name":"(anonymous_8)","decl":{"start":{"line":80,"column":30},"end":{"line":80,"column":31}},"loc":{"start":{"line":80,"column":40},"end":{"line":91,"column":5}},"line":80},"9":{"name":"(anonymous_9)","decl":{"start":{"line":97,"column":25},"end":{"line":97,"column":26}},"loc":{"start":{"line":97,"column":31},"end":{"line":97,"column":73}},"line":97},"10":{"name":"(anonymous_10)","decl":{"start":{"line":127,"column":41},"end":{"line":127,"column":42}},"loc":{"start":{"line":127,"column":47},"end":{"line":127,"column":64}},"line":127}},"branchMap":{"0":{"loc":{"start":{"line":41,"column":12},"end":{"line":49,"column":13}},"type":"if","locations":[{"start":{"line":41,"column":12},"end":{"line":49,"column":13}},{"start":{},"end":{}}],"line":41},"1":{"loc":{"start":{"line":57,"column":12},"end":{"line":71,"column":13}},"type":"if","locations":[{"start":{"line":57,"column":12},"end":{"line":71,"column":13}},{"start":{},"end":{}}],"line":57},"2":{"loc":{"start":{"line":63,"column":20},"end":{"line":67,"column":21}},"type":"if","locations":[{"start":{"line":63,"column":20},"end":{"line":67,"column":21}},{"start":{"line":65,"column":27},"end":{"line":67,"column":21}}],"line":63},"3":{"loc":{"start":{"line":63,"column":24},"end":{"line":63,"column":74}},"type":"binary-expr","locations":[{"start":{"line":63,"column":24},"end":{"line":63,"column":46}},{"start":{"line":63,"column":50},"end":{"line":63,"column":74}}],"line":63},"4":{"loc":{"start":{"line":81,"column":8},"end":{"line":83,"column":9}},"type":"if","locations":[{"start":{"line":81,"column":8},"end":{"line":83,"column":9}},{"start":{},"end":{}}],"line":81},"5":{"loc":{"start":{"line":86,"column":8},"end":{"line":88,"column":9}},"type":"if","locations":[{"start":{"line":86,"column":8},"end":{"line":88,"column":9}},{"start":{},"end":{}}],"line":86},"6":{"loc":{"start":{"line":118,"column":21},"end":{"line":132,"column":21}},"type":"cond-expr","locations":[{"start":{"line":119,"column":24},"end":{"line":122,"column":26}},{"start":{"line":124,"column":24},"end":{"line":131,"column":37}}],"line":118},"7":{"loc":{"start":{"line":138,"column":17},"end":{"line":146,"column":17}},"type":"cond-expr","locations":[{"start":{"line":139,"column":20},"end":{"line":143,"column":22}},{"start":{"line":145,"column":20},"end":{"line":145,"column":22}}],"line":138},"8":{"loc":{"start":{"line":138,"column":17},"end":{"line":138,"column":70}},"type":"binary-expr","locations":[{"start":{"line":138,"column":17},"end":{"line":138,"column":42}},{"start":{"line":138,"column":46},"end":{"line":138,"column":70}}],"line":138}},"s":{"0":1,"1":1,"2":1,"3":1,"4":1,"5":1,"6":1,"7":1,"8":1,"9":1,"10":0,"11":1,"12":1,"13":1,"14":1,"15":1,"16":0,"17":0,"18":0,"19":1,"20":1,"21":1,"22":0,"23":0,"24":0,"25":0,"26":0,"27":0,"28":1,"29":0,"30":0,"31":1,"32":0,"33":0,"34":0,"35":0,"36":0,"37":1,"38":0,"39":0},"f":{"0":1,"1":1,"2":1,"3":1,"4":1,"5":1,"6":1,"7":0,"8":0,"9":0,"10":0},"b":{"0":[1,0],"1":[0,1],"2":[0,0],"3":[0,0],"4":[0,0],"5":[0,0],"6":[0,1],"7":[0,1],"8":[1,0]},"_coverageSchema":"1a1c01bbd47fc00a2c39e90264f33305004495a9","hash":"cd1fdd273c9ddef4309718d71b761149f514a2ad"}
,"D:\\js\\React\\bds\\src\\pages\\BuilderScheduler\\index.js": {"path":"D:\\js\\React\\bds\\src\\pages\\BuilderScheduler\\index.js","statementMap":{},"fnMap":{},"branchMap":{},"s":{},"f":{},"b":{}}
,"D:\\js\\React\\bds\\src\\pages\\Home\\Home.js": {"path":"D:\\js\\React\\bds\\src\\pages\\Home\\Home.js","statementMap":{"0":{"start":{"line":11,"column":24},"end":{"line":11,"column":32}},"1":{"start":{"line":13,"column":13},"end":{"line":53,"column":1}},"2":{"start":{"line":14,"column":18},"end":{"line":14,"column":34}},"3":{"start":{"line":16,"column":42},"end":{"line":16,"column":73}},"4":{"start":{"line":17,"column":20},"end":{"line":17,"column":32}},"5":{"start":{"line":20,"column":4},"end":{"line":27,"column":32}},"6":{"start":{"line":21,"column":8},"end":{"line":26,"column":11}},"7":{"start":{"line":22,"column":12},"end":{"line":22,"column":60}},"8":{"start":{"line":23,"column":12},"end":{"line":25,"column":15}},"9":{"start":{"line":32,"column":4},"end":{"line":42,"column":22}},"10":{"start":{"line":33,"column":8},"end":{"line":41,"column":9}},"11":{"start":{"line":36,"column":12},"end":{"line":40,"column":13}},"12":{"start":{"line":37,"column":16},"end":{"line":37,"column":40}},"13":{"start":{"line":39,"column":16},"end":{"line":39,"column":41}},"14":{"start":{"line":44,"column":21},"end":{"line":46,"column":5}},"15":{"start":{"line":45,"column":8},"end":{"line":45,"column":57}},"16":{"start":{"line":48,"column":4},"end":{"line":52,"column":6}}},"fnMap":{"0":{"name":"(anonymous_0)","decl":{"start":{"line":13,"column":13},"end":{"line":13,"column":14}},"loc":{"start":{"line":13,"column":19},"end":{"line":53,"column":1}},"line":13},"1":{"name":"(anonymous_1)","decl":{"start":{"line":20,"column":14},"end":{"line":20,"column":15}},"loc":{"start":{"line":20,"column":20},"end":{"line":27,"column":5}},"line":20},"2":{"name":"(anonymous_2)","decl":{"start":{"line":21,"column":25},"end":{"line":21,"column":26}},"loc":{"start":{"line":21,"column":37},"end":{"line":26,"column":9}},"line":21},"3":{"name":"(anonymous_3)","decl":{"start":{"line":32,"column":14},"end":{"line":32,"column":15}},"loc":{"start":{"line":32,"column":20},"end":{"line":42,"column":5}},"line":32},"4":{"name":"(anonymous_4)","decl":{"start":{"line":44,"column":21},"end":{"line":44,"column":22}},"loc":{"start":{"line":44,"column":27},"end":{"line":46,"column":5}},"line":44}},"branchMap":{"0":{"loc":{"start":{"line":33,"column":8},"end":{"line":41,"column":9}},"type":"if","locations":[{"start":{"line":33,"column":8},"end":{"line":41,"column":9}},{"start":{},"end":{}}],"line":33},"1":{"loc":{"start":{"line":33,"column":12},"end":{"line":33,"column":62}},"type":"binary-expr","locations":[{"start":{"line":33,"column":12},"end":{"line":33,"column":25}},{"start":{"line":33,"column":29},"end":{"line":33,"column":62}}],"line":33},"2":{"loc":{"start":{"line":36,"column":12},"end":{"line":40,"column":13}},"type":"if","locations":[{"start":{"line":36,"column":12},"end":{"line":40,"column":13}},{"start":{"line":38,"column":19},"end":{"line":40,"column":13}}],"line":36},"3":{"loc":{"start":{"line":50,"column":28},"end":{"line":50,"column":69}},"type":"cond-expr","locations":[{"start":{"line":50,"column":44},"end":{"line":50,"column":64}},{"start":{"line":50,"column":67},"end":{"line":50,"column":69}}],"line":50}},"s":{"0":1,"1":1,"2":1,"3":1,"4":1,"5":1,"6":1,"7":1,"8":0,"9":1,"10":1,"11":0,"12":0,"13":0,"14":1,"15":0,"16":1},"f":{"0":1,"1":1,"2":1,"3":1,"4":0},"b":{"0":[0,1],"1":[1,1],"2":[0,0],"3":[1,0]},"_coverageSchema":"1a1c01bbd47fc00a2c39e90264f33305004495a9","hash":"eb2061b6c2876bf6cef8103bf5fd52241fe8aafd"}
,"D:\\js\\React\\bds\\src\\pages\\Home\\index.js": {"path":"D:\\js\\React\\bds\\src\\pages\\Home\\index.js","statementMap":{},"fnMap":{},"branchMap":{},"s":{},"f":{},"b":{}}
,"D:\\js\\React\\bds\\src\\pages\\RouterScheduler\\RouterScheduler.js": {"path":"D:\\js\\React\\bds\\src\\pages\\RouterScheduler\\RouterScheduler.js","statementMap":{"0":{"start":{"line":24,"column":14},"end":{"line":24,"column":22}},"1":{"start":{"line":25,"column":22},"end":{"line":25,"column":40}},"2":{"start":{"line":27,"column":24},"end":{"line":321,"column":1}},"3":{"start":{"line":28,"column":18},"end":{"line":28,"column":34}},"4":{"start":{"line":30,"column":42},"end":{"line":30,"column":73}},"5":{"start":{"line":31,"column":52},"end":{"line":31,"column":66}},"6":{"start":{"line":33,"column":36},"end":{"line":33,"column":55}},"7":{"start":{"line":34,"column":42},"end":{"line":34,"column":56}},"8":{"start":{"line":35,"column":50},"end":{"line":35,"column":64}},"9":{"start":{"line":36,"column":52},"end":{"line":36,"column":66}},"10":{"start":{"line":39,"column":4},"end":{"line":46,"column":32}},"11":{"start":{"line":40,"column":8},"end":{"line":45,"column":11}},"12":{"start":{"line":41,"column":12},"end":{"line":41,"column":60}},"13":{"start":{"line":42,"column":12},"end":{"line":44,"column":15}},"14":{"start":{"line":49,"column":4},"end":{"line":68,"column":7}},"15":{"start":{"line":50,"column":8},"end":{"line":67,"column":11}},"16":{"start":{"line":51,"column":12},"end":{"line":66,"column":13}},"17":{"start":{"line":52,"column":16},"end":{"line":65,"column":17}},"18":{"start":{"line":53,"column":53},"end":{"line":55,"column":21}},"19":{"start":{"line":57,"column":20},"end":{"line":62,"column":21}},"20":{"start":{"line":58,"column":24},"end":{"line":58,"column":74}},"21":{"start":{"line":59,"column":24},"end":{"line":59,"column":70}},"22":{"start":{"line":61,"column":24},"end":{"line":61,"column":50}},"23":{"start":{"line":64,"column":20},"end":{"line":64,"column":30}},"24":{"start":{"line":71,"column":4},"end":{"line":94,"column":26}},"25":{"start":{"line":72,"column":8},"end":{"line":93,"column":11}},"26":{"start":{"line":74,"column":12},"end":{"line":92,"column":13}},"27":{"start":{"line":75,"column":16},"end":{"line":91,"column":17}},"28":{"start":{"line":76,"column":42},"end":{"line":78,"column":21}},"29":{"start":{"line":80,"column":20},"end":{"line":88,"column":21}},"30":{"start":{"line":85,"column":24},"end":{"line":85,"column":59}},"31":{"start":{"line":87,"column":24},"end":{"line":87,"column":58}},"32":{"start":{"line":90,"column":20},"end":{"line":90,"column":30}},"33":{"start":{"line":101,"column":23},"end":{"line":138,"column":5}},"34":{"start":{"line":102,"column":8},"end":{"line":137,"column":11}},"35":{"start":{"line":104,"column":12},"end":{"line":116,"column":13}},"36":{"start":{"line":108,"column":16},"end":{"line":108,"column":30}},"37":{"start":{"line":109,"column":16},"end":{"line":113,"column":18}},"38":{"start":{"line":115,"column":16},"end":{"line":115,"column":29}},"39":{"start":{"line":119,"column":45},"end":{"line":121,"column":13}},"40":{"start":{"line":123,"column":29},"end":{"line":126,"column":13}},"41":{"start":{"line":128,"column":12},"end":{"line":128,"column":46}},"42":{"start":{"line":130,"column":12},"end":{"line":136,"column":13}},"43":{"start":{"line":131,"column":16},"end":{"line":135,"column":18}},"44":{"start":{"line":140,"column":24},"end":{"line":143,"column":5}},"45":{"start":{"line":141,"column":8},"end":{"line":141,"column":26}},"46":{"start":{"line":142,"column":8},"end":{"line":142,"column":34}},"47":{"start":{"line":152,"column":28},"end":{"line":181,"column":5}},"48":{"start":{"line":153,"column":8},"end":{"line":180,"column":11}},"49":{"start":{"line":154,"column":12},"end":{"line":179,"column":13}},"50":{"start":{"line":155,"column":16},"end":{"line":178,"column":17}},"51":{"start":{"line":156,"column":37},"end":{"line":156,"column":62}},"52":{"start":{"line":160,"column":20},"end":{"line":166,"column":21}},"53":{"start":{"line":161,"column":24},"end":{"line":165,"column":26}},"54":{"start":{"line":168,"column":20},"end":{"line":175,"column":21}},"55":{"start":{"line":169,"column":24},"end":{"line":169,"column":38}},"56":{"start":{"line":170,"column":24},"end":{"line":170,"column":60}},"57":{"start":{"line":172,"column":24},"end":{"line":172,"column":42}},"58":{"start":{"line":173,"column":24},"end":{"line":173,"column":48}},"59":{"start":{"line":174,"column":24},"end":{"line":174,"column":71}},"60":{"start":{"line":177,"column":20},"end":{"line":177,"column":33}},"61":{"start":{"line":184,"column":21},"end":{"line":187,"column":5}},"62":{"start":{"line":185,"column":8},"end":{"line":185,"column":32}},"63":{"start":{"line":186,"column":8},"end":{"line":186,"column":55}},"64":{"start":{"line":189,"column":30},"end":{"line":200,"column":5}},"65":{"start":{"line":190,"column":8},"end":{"line":192,"column":9}},"66":{"start":{"line":191,"column":12},"end":{"line":191,"column":30}},"67":{"start":{"line":195,"column":8},"end":{"line":197,"column":9}},"68":{"start":{"line":196,"column":12},"end":{"line":196,"column":59}},"69":{"start":{"line":199,"column":8},"end":{"line":199,"column":34}},"70":{"start":{"line":204,"column":4},"end":{"line":320,"column":6}},"71":{"start":{"line":208,"column":31},"end":{"line":208,"column":73}},"72":{"start":{"line":239,"column":36},"end":{"line":239,"column":72}},"73":{"start":{"line":251,"column":36},"end":{"line":251,"column":65}},"74":{"start":{"line":292,"column":59},"end":{"line":292,"column":76}}},"fnMap":{"0":{"name":"(anonymous_0)","decl":{"start":{"line":27,"column":24},"end":{"line":27,"column":25}},"loc":{"start":{"line":27,"column":30},"end":{"line":321,"column":1}},"line":27},"1":{"name":"(anonymous_1)","decl":{"start":{"line":39,"column":14},"end":{"line":39,"column":15}},"loc":{"start":{"line":39,"column":20},"end":{"line":46,"column":5}},"line":39},"2":{"name":"(anonymous_2)","decl":{"start":{"line":40,"column":25},"end":{"line":40,"column":26}},"loc":{"start":{"line":40,"column":37},"end":{"line":45,"column":9}},"line":40},"3":{"name":"(anonymous_3)","decl":{"start":{"line":49,"column":14},"end":{"line":49,"column":15}},"loc":{"start":{"line":49,"column":20},"end":{"line":68,"column":5}},"line":49},"4":{"name":"(anonymous_4)","decl":{"start":{"line":50,"column":25},"end":{"line":50,"column":26}},"loc":{"start":{"line":50,"column":37},"end":{"line":67,"column":9}},"line":50},"5":{"name":"(anonymous_5)","decl":{"start":{"line":71,"column":14},"end":{"line":71,"column":15}},"loc":{"start":{"line":71,"column":20},"end":{"line":94,"column":5}},"line":71},"6":{"name":"(anonymous_6)","decl":{"start":{"line":72,"column":25},"end":{"line":72,"column":26}},"loc":{"start":{"line":72,"column":37},"end":{"line":93,"column":9}},"line":72},"7":{"name":"(anonymous_7)","decl":{"start":{"line":101,"column":23},"end":{"line":101,"column":24}},"loc":{"start":{"line":101,"column":35},"end":{"line":138,"column":5}},"line":101},"8":{"name":"(anonymous_8)","decl":{"start":{"line":102,"column":25},"end":{"line":102,"column":26}},"loc":{"start":{"line":102,"column":37},"end":{"line":137,"column":9}},"line":102},"9":{"name":"(anonymous_9)","decl":{"start":{"line":140,"column":24},"end":{"line":140,"column":25}},"loc":{"start":{"line":140,"column":30},"end":{"line":143,"column":5}},"line":140},"10":{"name":"(anonymous_10)","decl":{"start":{"line":152,"column":28},"end":{"line":152,"column":29}},"loc":{"start":{"line":152,"column":46},"end":{"line":181,"column":5}},"line":152},"11":{"name":"(anonymous_11)","decl":{"start":{"line":153,"column":25},"end":{"line":153,"column":26}},"loc":{"start":{"line":153,"column":37},"end":{"line":180,"column":9}},"line":153},"12":{"name":"(anonymous_12)","decl":{"start":{"line":184,"column":21},"end":{"line":184,"column":22}},"loc":{"start":{"line":184,"column":34},"end":{"line":187,"column":5}},"line":184},"13":{"name":"(anonymous_13)","decl":{"start":{"line":189,"column":30},"end":{"line":189,"column":31}},"loc":{"start":{"line":189,"column":40},"end":{"line":200,"column":5}},"line":189},"14":{"name":"(anonymous_14)","decl":{"start":{"line":208,"column":25},"end":{"line":208,"column":26}},"loc":{"start":{"line":208,"column":31},"end":{"line":208,"column":73}},"line":208},"15":{"name":"(anonymous_15)","decl":{"start":{"line":238,"column":42},"end":{"line":238,"column":43}},"loc":{"start":{"line":238,"column":49},"end":{"line":240,"column":33}},"line":238},"16":{"name":"(anonymous_16)","decl":{"start":{"line":250,"column":41},"end":{"line":250,"column":42}},"loc":{"start":{"line":250,"column":47},"end":{"line":252,"column":33}},"line":250},"17":{"name":"(anonymous_17)","decl":{"start":{"line":292,"column":53},"end":{"line":292,"column":54}},"loc":{"start":{"line":292,"column":59},"end":{"line":292,"column":76}},"line":292}},"branchMap":{"0":{"loc":{"start":{"line":51,"column":12},"end":{"line":66,"column":13}},"type":"if","locations":[{"start":{"line":51,"column":12},"end":{"line":66,"column":13}},{"start":{},"end":{}}],"line":51},"1":{"loc":{"start":{"line":57,"column":20},"end":{"line":62,"column":21}},"type":"if","locations":[{"start":{"line":57,"column":20},"end":{"line":62,"column":21}},{"start":{"line":60,"column":27},"end":{"line":62,"column":21}}],"line":57},"2":{"loc":{"start":{"line":74,"column":12},"end":{"line":92,"column":13}},"type":"if","locations":[{"start":{"line":74,"column":12},"end":{"line":92,"column":13}},{"start":{},"end":{}}],"line":74},"3":{"loc":{"start":{"line":80,"column":20},"end":{"line":88,"column":21}},"type":"if","locations":[{"start":{"line":80,"column":20},"end":{"line":88,"column":21}},{"start":{"line":86,"column":27},"end":{"line":88,"column":21}}],"line":80},"4":{"loc":{"start":{"line":81,"column":24},"end":{"line":83,"column":43}},"type":"binary-expr","locations":[{"start":{"line":81,"column":24},"end":{"line":81,"column":46}},{"start":{"line":82,"column":24},"end":{"line":82,"column":48}},{"start":{"line":83,"column":24},"end":{"line":83,"column":43}}],"line":81},"5":{"loc":{"start":{"line":104,"column":12},"end":{"line":116,"column":13}},"type":"if","locations":[{"start":{"line":104,"column":12},"end":{"line":116,"column":13}},{"start":{},"end":{}}],"line":104},"6":{"loc":{"start":{"line":105,"column":16},"end":{"line":106,"column":44}},"type":"binary-expr","locations":[{"start":{"line":105,"column":16},"end":{"line":105,"column":52}},{"start":{"line":106,"column":16},"end":{"line":106,"column":44}}],"line":105},"7":{"loc":{"start":{"line":130,"column":12},"end":{"line":136,"column":13}},"type":"if","locations":[{"start":{"line":130,"column":12},"end":{"line":136,"column":13}},{"start":{},"end":{}}],"line":130},"8":{"loc":{"start":{"line":154,"column":12},"end":{"line":179,"column":13}},"type":"if","locations":[{"start":{"line":154,"column":12},"end":{"line":179,"column":13}},{"start":{},"end":{}}],"line":154},"9":{"loc":{"start":{"line":160,"column":20},"end":{"line":166,"column":21}},"type":"if","locations":[{"start":{"line":160,"column":20},"end":{"line":166,"column":21}},{"start":{},"end":{}}],"line":160},"10":{"loc":{"start":{"line":168,"column":20},"end":{"line":175,"column":21}},"type":"if","locations":[{"start":{"line":168,"column":20},"end":{"line":175,"column":21}},{"start":{"line":171,"column":27},"end":{"line":175,"column":21}}],"line":168},"11":{"loc":{"start":{"line":190,"column":8},"end":{"line":192,"column":9}},"type":"if","locations":[{"start":{"line":190,"column":8},"end":{"line":192,"column":9}},{"start":{},"end":{}}],"line":190},"12":{"loc":{"start":{"line":195,"column":8},"end":{"line":197,"column":9}},"type":"if","locations":[{"start":{"line":195,"column":8},"end":{"line":197,"column":9}},{"start":{},"end":{}}],"line":195},"13":{"loc":{"start":{"line":260,"column":13},"end":{"line":304,"column":13}},"type":"cond-expr","locations":[{"start":{"line":261,"column":16},"end":{"line":301,"column":22}},{"start":{"line":303,"column":16},"end":{"line":303,"column":18}}],"line":260},"14":{"loc":{"start":{"line":282,"column":29},"end":{"line":298,"column":29}},"type":"cond-expr","locations":[{"start":{"line":283,"column":32},"end":{"line":286,"column":34}},{"start":{"line":288,"column":32},"end":{"line":297,"column":38}}],"line":282},"15":{"loc":{"start":{"line":308,"column":17},"end":{"line":317,"column":17}},"type":"cond-expr","locations":[{"start":{"line":309,"column":20},"end":{"line":314,"column":22}},{"start":{"line":316,"column":20},"end":{"line":316,"column":22}}],"line":308},"16":{"loc":{"start":{"line":308,"column":17},"end":{"line":308,"column":70}},"type":"binary-expr","locations":[{"start":{"line":308,"column":17},"end":{"line":308,"column":42}},{"start":{"line":308,"column":46},"end":{"line":308,"column":70}}],"line":308}},"s":{"0":1,"1":1,"2":1,"3":1,"4":1,"5":1,"6":1,"7":1,"8":1,"9":1,"10":1,"11":1,"12":1,"13":0,"14":1,"15":1,"16":1,"17":1,"18":1,"19":0,"20":0,"21":0,"22":0,"23":0,"24":1,"25":1,"26":1,"27":0,"28":0,"29":0,"30":0,"31":0,"32":0,"33":1,"34":0,"35":0,"36":0,"37":0,"38":0,"39":0,"40":0,"41":0,"42":0,"43":0,"44":1,"45":0,"46":0,"47":1,"48":0,"49":0,"50":0,"51":0,"52":0,"53":0,"54":0,"55":0,"56":0,"57":0,"58":0,"59":0,"60":0,"61":1,"62":0,"63":0,"64":1,"65":0,"66":0,"67":0,"68":0,"69":0,"70":1,"71":0,"72":0,"73":0,"74":0},"f":{"0":1,"1":1,"2":1,"3":1,"4":1,"5":1,"6":1,"7":0,"8":0,"9":0,"10":0,"11":0,"12":0,"13":0,"14":0,"15":0,"16":0,"17":0},"b":{"0":[1,0],"1":[0,0],"2":[0,1],"3":[0,0],"4":[0,0,0],"5":[0,0],"6":[0,0],"7":[0,0],"8":[0,0],"9":[0,0],"10":[0,0],"11":[0,0],"12":[0,0],"13":[0,1],"14":[0,0],"15":[0,1],"16":[1,0]},"_coverageSchema":"1a1c01bbd47fc00a2c39e90264f33305004495a9","hash":"cebe8e98abf9fbd99a0f2a488e1061945e6c9eae"}
,"D:\\js\\React\\bds\\src\\pages\\RouterScheduler\\index.js": {"path":"D:\\js\\React\\bds\\src\\pages\\RouterScheduler\\index.js","statementMap":{},"fnMap":{},"branchMap":{},"s":{},"f":{},"b":{}}
,"D:\\js\\React\\bds\\src\\services\\analytics-service.js": {"path":"D:\\js\\React\\bds\\src\\services\\analytics-service.js","statementMap":{"0":{"start":{"line":7,"column":21},"end":{"line":7,"column":34}},"1":{"start":{"line":9,"column":21},"end":{"line":9,"column":25}},"2":{"start":{"line":10,"column":15},"end":{"line":10,"column":19}},"3":{"start":{"line":12,"column":25},"end":{"line":34,"column":1}},"4":{"start":{"line":13,"column":23},"end":{"line":13,"column":73}},"5":{"start":{"line":15,"column":4},"end":{"line":19,"column":5}},"6":{"start":{"line":16,"column":36},"end":{"line":16,"column":67}},"7":{"start":{"line":17,"column":8},"end":{"line":17,"column":35}},"8":{"start":{"line":18,"column":8},"end":{"line":18,"column":24}},"9":{"start":{"line":20,"column":4},"end":{"line":20,"column":43}},"10":{"start":{"line":21,"column":4},"end":{"line":21,"column":31}},"11":{"start":{"line":23,"column":4},"end":{"line":32,"column":7}},"12":{"start":{"line":33,"column":4},"end":{"line":33,"column":15}},"13":{"start":{"line":36,"column":14},"end":{"line":43,"column":1}},"14":{"start":{"line":42,"column":4},"end":{"line":42,"column":69}},"15":{"start":{"line":45,"column":13},"end":{"line":46,"column":56}},"16":{"start":{"line":46,"column":4},"end":{"line":46,"column":56}}},"fnMap":{"0":{"name":"(anonymous_0)","decl":{"start":{"line":12,"column":25},"end":{"line":12,"column":26}},"loc":{"start":{"line":12,"column":77},"end":{"line":34,"column":1}},"line":12},"1":{"name":"(anonymous_1)","decl":{"start":{"line":12,"column":64},"end":{"line":12,"column":65}},"loc":{"start":{"line":12,"column":70},"end":{"line":12,"column":72}},"line":12},"2":{"name":"(anonymous_2)","decl":{"start":{"line":36,"column":14},"end":{"line":36,"column":15}},"loc":{"start":{"line":41,"column":5},"end":{"line":43,"column":1}},"line":41},"3":{"name":"(anonymous_3)","decl":{"start":{"line":40,"column":15},"end":{"line":40,"column":16}},"loc":{"start":{"line":40,"column":21},"end":{"line":40,"column":23}},"line":40},"4":{"name":"(anonymous_4)","decl":{"start":{"line":45,"column":13},"end":{"line":45,"column":14}},"loc":{"start":{"line":46,"column":4},"end":{"line":46,"column":56}},"line":46},"5":{"name":"(anonymous_5)","decl":{"start":{"line":45,"column":67},"end":{"line":45,"column":68}},"loc":{"start":{"line":45,"column":73},"end":{"line":45,"column":75}},"line":45}},"branchMap":{"0":{"loc":{"start":{"line":12,"column":39},"end":{"line":12,"column":51}},"type":"default-arg","locations":[{"start":{"line":12,"column":49},"end":{"line":12,"column":51}}],"line":12},"1":{"loc":{"start":{"line":12,"column":53},"end":{"line":12,"column":72}},"type":"default-arg","locations":[{"start":{"line":12,"column":64},"end":{"line":12,"column":72}}],"line":12},"2":{"loc":{"start":{"line":15,"column":4},"end":{"line":19,"column":5}},"type":"if","locations":[{"start":{"line":15,"column":4},"end":{"line":19,"column":5}},{"start":{},"end":{}}],"line":15},"3":{"loc":{"start":{"line":37,"column":4},"end":{"line":37,"column":14}},"type":"default-arg","locations":[{"start":{"line":37,"column":12},"end":{"line":37,"column":14}}],"line":37},"4":{"loc":{"start":{"line":38,"column":4},"end":{"line":38,"column":19}},"type":"default-arg","locations":[{"start":{"line":38,"column":17},"end":{"line":38,"column":19}}],"line":38},"5":{"loc":{"start":{"line":39,"column":4},"end":{"line":39,"column":16}},"type":"default-arg","locations":[{"start":{"line":39,"column":14},"end":{"line":39,"column":16}}],"line":39},"6":{"loc":{"start":{"line":40,"column":4},"end":{"line":40,"column":23}},"type":"default-arg","locations":[{"start":{"line":40,"column":15},"end":{"line":40,"column":23}}],"line":40},"7":{"loc":{"start":{"line":45,"column":14},"end":{"line":45,"column":23}},"type":"
[...]
,"D:\\js\\React\\bds\\src\\store\\middleware\\common.js": {"path":"D:\\js\\React\\bds\\src\\store\\middleware\\common.js","statementMap":{"0":{"start":{"line":5,"column":25},"end":{"line":14,"column":1}},"1":{"start":{"line":6,"column":4},"end":{"line":13,"column":5}},"2":{"start":{"line":7,"column":25},"end":{"line":7,"column":56}},"3":{"start":{"line":8,"column":8},"end":{"line":10,"column":9}},"4":{"start":{"line":9,"column":12},"end":{"line":9,"column":50}},"5":{"start":{"line":16,"column":12},"end":{"line":22,"column":1}},"6":{"start":{"line":16,"column":24},"end":{"line":22,"column":1}},"7":{"start":{"line":17,"column":4},"end":{"line":19,"column":5}},"8":{"start":{"line":18,"column":8},"end":{"line":18,"column":43}},"9":{"start":{"line":21,"column":4},"end":{"line":21,"column":21}}},"fnMap":{"0":{"name":"(anonymous_0)","decl":{"start":{"line":5,"column":25},"end":{"line":5,"column":26}},"loc":{"start":{"line":5,"column":58},"end":{"line":14,"column":1}},"line":5},"1":{"name":"(anonymous_1)","decl":{"start":{"line":16,"column":12},"end":{"line":16,"column":13}},"loc":{"start":{"line":16,"column":24},"end":{"line":22,"column":1}},"line":16},"2":{"name":"(anonymous_2)","decl":{"start":{"line":16,"column":24},"end":{"line":16,"column":25}},"loc":{"start":{"line":16,"column":38},"end":{"line":22,"column":1}},"line":16}},"branchMap":{"0":{"loc":{"start":{"line":8,"column":8},"end":{"line":10,"column":9}},"type":"if","locations":[{"start":{"line":8,"column":8},"end":{"line":10,"column":9}},{"start":{},"end":{}}],"line":8},"1":{"loc":{"start":{"line":17,"column":4},"end":{"line":19,"column":5}},"type":"if","locations":[{"start":{"line":17,"column":4},"end":{"line":19,"column":5}},{"start":{},"end":{}}],"line":17},"2":{"loc":{"start":{"line":17,"column":8},"end":{"line":17,"column":69}},"type":"binary-expr","locations":[{"start":{"line":17,"column":8},"end":{"line":17,"column":19}},{"start":{"line":17,"column":23},"end":{"line":17,"column":69}}],"line":17}},"s":{"0":0,"1":0,"2":0,"3":0,"4":0,"5":0,"6":0,"7":0,"8":0,"9":0},"f":{"0":0,"1":0,"2":0},"b":{"0":[0,0],"1":[0,0],"2":[0,0]}}
,"D:\\js\\React\\bds\\src\\store\\middleware\\user.js": {"path":"D:\\js\\React\\bds\\src\\store\\middleware\\user.js","statementMap":{"0":{"start":{"line":5,"column":27},"end":{"line":14,"column":1}},"1":{"start":{"line":6,"column":4},"end":{"line":13,"column":5}},"2":{"start":{"line":7,"column":25},"end":{"line":7,"column":63}},"3":{"start":{"line":8,"column":8},"end":{"line":10,"column":9}},"4":{"start":{"line":9,"column":12},"end":{"line":9,"column":64}},"5":{"start":{"line":16,"column":31},"end":{"line":25,"column":1}},"6":{"start":{"line":17,"column":4},"end":{"line":24,"column":5}},"7":{"start":{"line":18,"column":31},"end":{"line":18,"column":74}},"8":{"start":{"line":19,"column":8},"end":{"line":21,"column":9}},"9":{"start":{"line":20,"column":12},"end":{"line":20,"column":74}},"10":{"start":{"line":27,"column":12},"end":{"line":40,"column":1}},"11":{"start":{"line":27,"column":24},"end":{"line":40,"column":1}},"12":{"start":{"line":28,"column":4},"end":{"line":37,"column":5}},"13":{"start":{"line":30,"column":12},"end":{"line":30,"column":49}},"14":{"start":{"line":31,"column":12},"end":{"line":31,"column":18}},"15":{"start":{"line":33,"column":12},"end":{"line":33,"column":53}},"16":{"start":{"line":34,"column":12},"end":{"line":34,"column":18}},"17":{"start":{"line":36,"column":12},"end":{"line":36,"column":18}},"18":{"start":{"line":39,"column":4},"end":{"line":39,"column":21}}},"fnMap":{"0":{"name":"(anonymous_0)","decl":{"start":{"line":5,"column":27},"end":{"line":5,"column":28}},"loc":{"start":{"line":5,"column":60},"end":{"line":14,"column":1}},"line":5},"1":{"name":"(anonymous_1)","decl":{"start":{"line":16,"column":31},"end":{"line":16,"column":32}},"loc":{"start":{"line":16,"column":64},"end":{"line":25,"column":1}},"line":16},"2":{"name":"(anonymous_2)","decl":{"start":{"line":27,"column":12},"end":{"line":27,"column":13}},"loc":{"start":{"line":27,"column":24},"end":{"line":40,"column":1}},"line":27},"3":{"name":"(anonymous_3)","decl":{"start":{"line":27,"column":24},"end":{"line":27,"column":25}},"loc":{"start":{"line":27,"column":38},"end":{"line":40,"column":1}},"line":27}},"branchMap":{"0":{"loc":{"start":{"line":8,"column":8},"end":{"line":10,"column":9}},"type":"if","locations":[{"start":{"line":8,"column":8},"end":{"line":10,"column":9}},{"start":{},"end":{}}],"line":8},"1":{"loc":{"start":{"line":19,"column":8},"end":{"line":21,"column":9}},"type":"if","locations":[{"start":{"line":19,"column":8},"end":{"line":21,"column":9}},{"start":{},"end":{}}],"line":19},"2":{"loc":{"start":{"line":28,"column":4},"end":{"line":37,"column":5}},"type":"switch","locations":[{"start":{"line":29,"column":8},"end":{"line":31,"column":18}},{"start":{"line":32,"column":8},"end":{"line":34,"column":18}},{"start":{"line":35,"column":8},"end":{"line":36,"column":18}}],"line":28}},"s":{"0":0,"1":0,"2":0,"3":0,"4":0,"5":0,"6":0,"7":0,"8":0,"9":0,"10":0,"11":0,"12":0,"13":0,"14":0,"15":0,"16":0,"17":0,"18":0},"f":{"0":0,"1":0,"2":0,"3":0},"b":{"0":[0,0],"1":[0,0],"2":[0,0,0]}}
,"D:\\js\\React\\bds\\src\\store\\reducers\\application.js": {"path":"D:\\js\\React\\bds\\src\\store\\reducers\\application.js","statementMap":{"0":{"start":{"line":3,"column":27},"end":{"line":8,"column":1}},"1":{"start":{"line":10,"column":27},"end":{"line":29,"column":1}},"2":{"start":{"line":11,"column":4},"end":{"line":28,"column":5}},"3":{"start":{"line":13,"column":12},"end":{"line":18,"column":14}},"4":{"start":{"line":20,"column":12},"end":{"line":25,"column":14}},"5":{"start":{"line":27,"column":12},"end":{"line":27,"column":25}}},"fnMap":{"0":{"name":"(anonymous_0)","decl":{"start":{"line":10,"column":27},"end":{"line":10,"column":28}},"loc":{"start":{"line":10,"column":72},"end":{"line":29,"column":1}},"line":10}},"branchMap":{"0":{"loc":{"start":{"line":10,"column":28},"end":{"line":10,"column":54}},"type":"default-arg","locations":[{"start":{"line":10,"column":36},"end":{"line":10,"column":54}}],"line":10},"1":{"loc":{"start":{"line":10,"column":56},"end":{"line":10,"column":67}},"type":"default-arg","locations":[{"start":{"line":10,"column":65},"end":{"line":10,"column":67}}],"line":10},"2":{"loc":{"start":{"line":11,"column":4},"end":{"line":28,"column":5}},"type":"switch","locations":[{"start":{"line":12,"column":8},"end":{"line":18,"column":14}},{"start":{"line":19,"column":8},"end":{"line":25,"column":14}},{"start":{"line":26,"column":8},"end":{"line":27,"column":25}}],"line":11}},"s":{"0":0,"1":0,"2":0,"3":0,"4":0,"5":0},"f":{"0":0},"b":{"0":[0],"1":[0],"2":[0,0,0]}}
,"D:\\js\\React\\bds\\src\\store\\reducers\\common.js": {"path":"D:\\js\\React\\bds\\src\\store\\reducers\\common.js","statementMap":{"0":{"start":{"line":3,"column":22},"end":{"line":8,"column":1}},"1":{"start":{"line":10,"column":22},"end":{"line":24,"column":1}},"2":{"start":{"line":11,"column":4},"end":{"line":23,"column":5}},"3":{"start":{"line":13,"column":12},"end":{"line":18,"column":14}},"4":{"start":{"line":20,"column":12},"end":{"line":20,"column":76}},"5":{"start":{"line":22,"column":12},"end":{"line":22,"column":25}}},"fnMap":{"0":{"name":"(anonymous_0)","decl":{"start":{"line":10,"column":22},"end":{"line":10,"column":23}},"loc":{"start":{"line":10,"column":62},"end":{"line":24,"column":1}},"line":10}},"branchMap":{"0":{"loc":{"start":{"line":10,"column":23},"end":{"line":10,"column":44}},"type":"default-arg","locations":[{"start":{"line":10,"column":31},"end":{"line":10,"column":44}}],"line":10},"1":{"loc":{"start":{"line":10,"column":46},"end":{"line":10,"column":57}},"type":"default-arg","locations":[{"start":{"line":10,"column":55},"end":{"line":10,"column":57}}],"line":10},"2":{"loc":{"start":{"line":11,"column":4},"end":{"line":23,"column":5}},"type":"switch","locations":[{"start":{"line":12,"column":8},"end":{"line":18,"column":14}},{"start":{"line":19,"column":8},"end":{"line":20,"column":76}},{"start":{"line":21,"column":8},"end":{"line":22,"column":25}}],"line":11}},"s":{"0":0,"1":0,"2":0,"3":0,"4":0,"5":0},"f":{"0":0},"b":{"0":[0],"1":[0],"2":[0,0,0]}}
,"D:\\js\\React\\bds\\src\\store\\reducers\\user.js": {"path":"D:\\js\\React\\bds\\src\\store\\reducers\\user.js","statementMap":{"0":{"start":{"line":3,"column":20},"end":{"line":8,"column":1}},"1":{"start":{"line":10,"column":20},"end":{"line":24,"column":1}},"2":{"start":{"line":11,"column":4},"end":{"line":23,"column":5}},"3":{"start":{"line":13,"column":12},"end":{"line":13,"column":69}},"4":{"start":{"line":15,"column":12},"end":{"line":20,"column":14}},"5":{"start":{"line":22,"column":12},"end":{"line":22,"column":25}}},"fnMap":{"0":{"name":"(anonymous_0)","decl":{"start":{"line":10,"column":20},"end":{"line":10,"column":21}},"loc":{"start":{"line":10,"column":58},"end":{"line":24,"column":1}},"line":10}},"branchMap":{"0":{"loc":{"start":{"line":10,"column":21},"end":{"line":10,"column":40}},"type":"default-arg","locations":[{"start":{"line":10,"column":29},"end":{"line":10,"column":40}}],"line":10},"1":{"loc":{"start":{"line":10,"column":42},"end":{"line":10,"column":53}},"type":"default-arg","locations":[{"start":{"line":10,"column":51},"end":{"line":10,"column":53}}],"line":10},"2":{"loc":{"start":{"line":11,"column":4},"end":{"line":23,"column":5}},"type":"switch","locations":[{"start":{"line":12,"column":8},"end":{"line":13,"column":69}},{"start":{"line":14,"column":8},"end":{"line":20,"column":14}},{"start":{"line":21,"column":8},"end":{"line":22,"column":25}}],"line":11}},"s":{"0":0,"1":0,"2":0,"3":0,"4":0,"5":0},"f":{"0":0},"b":{"0":[0],"1":[0],"2":[0,0,0]}}
,"D:\\js\\React\\bds\\src\\utils\\buildSchedulerMessage.js": {"path":"D:\\js\\React\\bds\\src\\utils\\buildSchedulerMessage.js","statementMap":{"0":{"start":{"line":1,"column":37},"end":{"line":54,"column":1}},"1":{"start":{"line":2,"column":18},"end":{"line":2,"column":20}},"2":{"start":{"line":5,"column":4},"end":{"line":48,"column":5}},"3":{"start":{"line":5,"column":21},"end":{"line":5,"column":22}},"4":{"start":{"line":7,"column":8},"end":{"line":47,"column":9}},"5":{"start":{"line":8,"column":29},"end":{"line":8,"column":52}},"6":{"start":{"line":9,"column":26},"end":{"line":9,"column":49}},"7":{"start":{"line":10,"column":34},"end":{"line":10,"column":39}},"8":{"start":{"line":13,"column":12},"end":{"line":26,"column":13}},"9":{"start":{"line":14,"column":29},"end":{"line":14,"column":38}},"10":{"start":{"line":18,"column":16},"end":{"line":25,"column":17}},"11":{"start":{"line":21,"column":20},"end":{"line":21,"column":55}},"12":{"start":{"line":22,"column":20},"end":{"line":22,"column":35}},"13":{"start":{"line":24,"column":20},"end":{"line":24,"column":43}},"14":{"start":{"line":29,"column":28},"end":{"line":29,"column":30}},"15":{"start":{"line":30,"column":12},"end":{"line":37,"column":15}},"16":{"start":{"line":31,"column":42},"end":{"line":31,"column":70}},"17":{"start":{"line":32,"column":40},"end":{"line":32,"column":66}},"18":{"start":{"line":33,"column":16},"end":{"line":33,"column":74}},"19":{"start":{"line":34,"column":16},"end":{"line":36,"column":17}},"20":{"start":{"line":35,"column":20},"end":{"line":35,"column":38}},"21":{"start":{"line":41,"column":16},"end":{"line":41,"column":76}},"22":{"start":{"line":42,"column":12},"end":{"line":46,"column":13}},"23":{"start":{"line":43,"column":16},"end":{"line":43,"column":60}},"24":{"start":{"line":45,"column":16},"end":{"line":45,"column":58}},"25":{"start":{"line":51,"column":4},"end":{"line":51,"column":55}},"26":{"start":{"line":53,"column":4},"end":{"line":53,"column":19}},"27":{"start":{"line":56,"column":25},"end":{"line":69,"column":1}},"28":{"start":{"line":57,"column":4},"end":{"line":59,"column":5}},"29":{"start":{"line":58,"column":8},"end":{"line":58,"column":21}},"30":{"start":{"line":60,"column":4},"end":{"line":67,"column":5}},"31":{"start":{"line":60,"column":21},"end":{"line":60,"column":22}},"32":{"start":{"line":61,"column":8},"end":{"line":66,"column":9}},"33":{"start":{"line":65,"column":12},"end":{"line":65,"column":25}},"34":{"start":{"line":68,"column":4},"end":{"line":68,"column":16}}},"fnMap":{"0":{"name":"(anonymous_0)","decl":{"start":{"line":1,"column":37},"end":{"line":1,"column":38}},"loc":{"start":{"line":1,"column":63},"end":{"line":54,"column":1}},"line":1},"1":{"name":"(anonymous_1)","decl":{"start":{"line":30,"column":50},"end":{"line":30,"column":51}},"loc":{"start":{"line":30,"column":71},"end":{"line":37,"column":13}},"line":30},"2":{"name":"(anonymous_2)","decl":{"start":{"line":56,"column":25},"end":{"line":56,"column":26}},"loc":{"start":{"line":56,"column":35},"end":{"line":69,"column":1}},"line":56}},"branchMap":{"0":{"loc":{"start":{"line":7,"column":8},"end":{"line":47,"column":9}},"type":"if","locations":[{"start":{"line":7,"column":8},"end":{"line":47,"column":9}},{"start":{},"end":{}}],"line":7},"1":{"loc":{"start":{"line":15,"column":16},"end":{"line":15,"column":64}},"type":"binary-expr","locations":[{"start":{"line":15,"column":16},"end":{"line":15,"column":44}},{"start":{"line":15,"column":48},"end":{"line":15,"column":64}}],"line":15},"2":{"loc":{"start":{"line":18,"column":16},"end":{"line":25,"column":17}},"type":"if","locations":[{"start":{"line":18,"column":16},"end":{"line":25,"column":17}},{"start":{"line":23,"column":23},"end":{"line":25,"column":17}}],"line":18},"3":{"loc":{"start":{"line":34,"column":16},"end":{"line":36,"column":17}},"type":"if","locations":[{"start":{"line":34,"column":16},"end":{"line":36,"column":17}},{"start":{},"end":{}}],"line":34},"4":{"loc":{"start":{"line":41,"column":16},"end":{"line":41,"column":76}},"type":"cond-expr","locations":[{"start":{"line":41,"column":39},"end":{"line":41,"column":47}},{"start":{"line":41,"column":50},"end":{"line":41,"column":76}}],"line":41},"5":{"loc":{"start":{"line":42,"column":12},"end":{"line":46,"column":13}},"type":"if","locations":[{"start":{"line":42,"column":12},"end":{"line":46,"column":13}},{"start":{"line":44,"column":19},"end":{"line":46,"column":13}}],"line":42},"6":{"loc":{"start":{"line":57,"column":4},"end":{"line":59,"column":5}},"type":"if","locations":[{"start":{"line":57,"column":4},"end":{"line":59,"column":5}},{"start":{},"end":{}}],"line":57},"7":{"loc":{"start":{"line":61,"column":8},"end":{"line":66,"column":9}},"type":"if","locations":[{"start":{"line":61,"column":8},"end":{"line":66,"column":9}},{"start":{},"end":{}}],"line":61},"8":{"loc":{"start":{"line":62,"column":12},"end":{"line":63,"column":61}},"type":"binary-expr","locations":[{"start":{"line":62,"column":12},"end":{"line":62,"column":65}},{"start":{"line":63,"column":12},"end":{"line":63,"column":61}}],"line":62}},"s":{"0":3,"1":1,"2":1,"3":1,"4":3,"5":1,"6":1,"7":1,"8":1,"9":1,"10":5,"11":4,"12":4,"13":1,"14":1,"15":1,"16":1,"17":1,"18":1,"19":1,"20":0,"21":1,"22":1,"23":0,"24":1,"25":1,"26":1,"27":3,"28":5,"29":1,"30":4,"31":4,"32":4,"33":0,"34":4},"f":{"0":1,"1":1,"2":5},"b":{"0":[1,2],"1":[6,5],"2":[4,1],"3":[0,1],"4":[0,1],"5":[0,1],"6":[1,4],"7":[0,4],"8":[4,4]},"_coverageSchema":"1a1c01bbd47fc00a2c39e90264f33305004495a9","hash":"92934f6790c9f540ff699156d729b054cb76a85b"}
,"D:\\js\\React\\bds\\src\\utils\\object.js": {"path":"D:\\js\\React\\bds\\src\\utils\\object.js","statementMap":{"0":{"start":{"line":1,"column":27},"end":{"line":5,"column":1}},"1":{"start":{"line":2,"column":4},"end":{"line":4,"column":39}},"2":{"start":{"line":3,"column":28},"end":{"line":3,"column":57}},"3":{"start":{"line":4,"column":25},"end":{"line":4,"column":37}},"4":{"start":{"line":7,"column":26},"end":{"line":9,"column":1}},"5":{"start":{"line":8,"column":4},"end":{"line":8,"column":76}},"6":{"start":{"line":8,"column":35},"end":{"line":8,"column":74}}},"fnMap":{"0":{"name":"(anonymous_0)","decl":{"start":{"line":1,"column":27},"end":{"line":1,"column":28}},"loc":{"start":{"line":1,"column":45},"end":{"line":5,"column":1}},"line":1},"1":{"name":"(anonymous_1)","decl":{"start":{"line":3,"column":16},"end":{"line":3,"column":17}},"loc":{"start":{"line":3,"column":28},"end":{"line":3,"column":57}},"line":3},"2":{"name":"(anonymous_2)","decl":{"start":{"line":4,"column":13},"end":{"line":4,"column":14}},"loc":{"start":{"line":4,"column":25},"end":{"line":4,"column":37}},"line":4},"3":{"name":"(anonymous_3)","decl":{"start":{"line":7,"column":26},"end":{"line":7,"column":27}},"loc":{"start":{"line":7,"column":37},"end":{"line":9,"column":1}},"line":7},"4":{"name":"(anonymous_4)","decl":{"start":{"line":8,"column":24},"end":{"line":8,"column":25}},"loc":{"start":{"line":8,"column":35},"end":{"line":8,"column":74}},"line":8}},"branchMap":{"0":{"loc":{"start":{"line":8,"column":35},"end":{"line":8,"column":74}},"type":"binary-expr","locations":[{"start":{"line":8,"column":35},"end":{"line":8,"column":42}},{"start":{"line":8,"column":46},"end":{"line":8,"column":74}}],"line":8}},"s":{"0":4,"1":0,"2":0,"3":0,"4":4,"5":0,"6":0},"f":{"0":0,"1":0,"2":0,"3":0,"4":0},"b":{"0":[0,0]},"_coverageSchema":"1a1c01bbd47fc00a2c39e90264f33305004495a9","hash":"8f9126973c9942c448629feaa3efa5195e137853"}
,"D:\\js\\React\\bds\\src\\utils\\sleep.js": {"path":"D:\\js\\React\\bds\\src\\utils\\sleep.js","statementMap":{"0":{"start":{"line":1,"column":14},"end":{"line":3,"column":1}},"1":{"start":{"line":2,"column":4},"end":{"line":2,"column":61}},"2":{"start":{"line":2,"column":36},"end":{"line":2,"column":59}}},"fnMap":{"0":{"name":"(anonymous_0)","decl":{"start":{"line":1,"column":14},"end":{"line":1,"column":15}},"loc":{"start":{"line":1,"column":22},"end":{"line":3,"column":1}},"line":1},"1":{"name":"(anonymous_1)","decl":{"start":{"line":2,"column":23},"end":{"line":2,"column":24}},"loc":{"start":{"line":2,"column":36},"end":{"line":2,"column":59}},"line":2}},"branchMap":{},"s":{"0":0,"1":0,"2":0},"f":{"0":0,"1":0},"b":{}}
,"D:\\js\\React\\bds\\src\\utils\\string.js": {"path":"D:\\js\\React\\bds\\src\\utils\\string.js","statementMap":{"0":{"start":{"line":1,"column":20},"end":{"line":6,"column":1}},"1":{"start":{"line":2,"column":4},"end":{"line":5,"column":23}}},"fnMap":{"0":{"name":"(anonymous_0)","decl":{"start":{"line":1,"column":20},"end":{"line":1,"column":21}},"loc":{"start":{"line":1,"column":29},"end":{"line":6,"column":1}},"line":1}},"branchMap":{},"s":{"0":5,"1":1},"f":{"0":1},"b":{},"_coverageSchema":"1a1c01bbd47fc00a2c39e90264f33305004495a9","hash":"c5a7fc5055e0802a02e25d6ac9fcc90a8467e274"}
}
