TN:
SF:src\components\Button\Button.js
FN:4,(anonymous_0)
FN:13,(anonymous_1)
FNF:2
FNH:1
FNDA:61,(anonymous_0)
FNDA:0,(anonymous_1)
DA:4,6
DA:15,61
DA:28,6
LF:3
LH:3
BRDA:11,0,0,61
BRDA:12,1,0,5
BRDA:13,2,0,0
BRDA:24,3,0,20
BRDA:24,3,1,41
BRF:5
BRH:4
end_of_record
TN:
SF:src\components\Button\index.js
FNF:0
FNH:0
LF:0
LH:0
BRF:0
BRH:0
end_of_record
TN:
SF:src\components\Card\Card.js
FN:6,(anonymous_0)
FN:25,(anonymous_1)
FN:75,(anonymous_2)
FN:89,(anonymous_3)
FN:116,(anonymous_4)
FNF:5
FNH:4
FNDA:4,(anonymous_0)
FNDA:3,(anonymous_1)
FNDA:4,(anonymous_2)
FNDA:3,(anonymous_3)
FNDA:0,(anonymous_4)
DA:6,1
DA:19,4
DA:25,4
DA:26,3
DA:28,3
DA:30,0
DA:31,0
DA:33,0
DA:34,0
DA:36,0
DA:46,0
DA:48,0
DA:49,0
DA:51,0
DA:52,0
DA:55,3
DA:56,3
DA:59,3
DA:75,4
DA:76,4
DA:89,4
DA:90,3
DA:95,3
DA:102,3
DA:107,3
DA:111,3
DA:124,4
DA:135,1
LF:28
LH:18
BRDA:10,0,0,1
BRDA:15,1,0,4
BRDA:16,2,0,4
BRDA:17,3,0,4
BRDA:28,4,0,0
BRDA:28,4,1,0
BRDA:28,4,2,0
BRDA:28,4,3,0
BRDA:28,4,4,0
BRDA:28,4,5,3
BRDA:61,5,0,3
BRDA:61,5,1,0
BRDA:77,6,0,4
BRDA:77,6,1,4
BRDA:82,7,0,4
BRDA:82,7,1,3
BRDA:85,8,0,4
BRDA:85,8,1,1
BRDA:91,9,0,0
BRDA:91,9,1,3
BRDA:92,10,0,0
BRDA:92,10,1,3
BRDA:108,11,0,0
BRDA:108,11,1,3
BRDA:116,12,0,1
BRDA:116,12,1,2
BRDA:118,13,0,3
BRDA:118,13,1,3
BRDA:128,14,0,4
BRDA:128,14,1,4
BRDA:128,14,2,3
BRDA:130,15,0,4
BRDA:130,15,1,3
BRF:33
BRH:24
end_of_record
TN:
SF:src\components\Card\index.js
FNF:0
FNH:0
LF:0
LH:0
BRF:0
BRH:0
end_of_record
TN:
SF:src\components\DaysOff\DayOff.jsx
FN:8,(anonymous_0)
FN:10,(anonymous_1)
FN:25,(anonymous_2)
FN:34,(anonymous_3)
FN:45,(anonymous_4)
FNF:5
FNH:3
FNDA:3,(anonymous_0)
FNDA:0,(anonymous_1)
FNDA:33,(anonymous_2)
FNDA:0,(anonymous_3)
FNDA:1,(anonymous_4)
DA:8,4
DA:14,3
DA:16,3
DA:23,3
DA:26,33
DA:35,0
DA:46,1
DA:69,4
LF:8
LH:7
BRDA:10,0,0,0
BRF:1
BRH:0
end_of_record
TN:
SF:src\components\DaysOff\index.js
FNF:0
FNH:0
LF:0
LH:0
BRF:0
BRH:0
end_of_record
TN:
SF:src\components\EmptyResult\EmptyResult.js
FN:5,(anonymous_0)
FN:6,(anonymous_1)
FN:9,(anonymous_2)
FNF:3
FNH:3
FNDA:2,(anonymous_0)
FNDA:2,(anonymous_1)
FNDA:2,(anonymous_2)
DA:5,1
DA:6,2
DA:7,2
DA:9,2
DA:10,2
DA:15,2
DA:24,1
LF:7
LH:7
BRDA:11,0,0,2
BRDA:11,0,1,0
BRDA:18,1,0,2
BRDA:18,1,1,2
BRDA:19,2,0,2
BRDA:19,2,1,0
BRDA:19,2,2,2
BRF:7
BRH:5
end_of_record
TN:
SF:src\components\EmptyResult\index.js
FNF:0
FNH:0
LF:0
LH:0
BRF:0
BRH:0
end_of_record
TN:
SF:src\components\Header\Header.jsx
FN:7,(anonymous_0)
FN:7,(anonymous_1)
FN:10,(anonymous_2)
FN:15,(anonymous_3)
FNF:4
FNH:2
FNDA:2,(anonymous_0)
FNDA:0,(anonymous_1)
FNDA:2,(anonymous_2)
FNDA:0,(anonymous_3)
DA:7,2
DA:8,2
DA:10,2
DA:11,2
DA:15,0
DA:21,2
DA:30,2
LF:7
LH:6
BRDA:7,0,0,0
BRF:1
BRH:0
end_of_record
TN:
SF:src\components\Header\index.js
FNF:0
FNH:0
LF:0
LH:0
BRF:0
BRH:0
end_of_record
TN:
SF:src\components\HoursList\HoursList.jsx
FN:7,(anonymous_0)
FN:19,(anonymous_1)
FN:29,(anonymous_2)
FN:39,(anonymous_3)
FN:51,(anonymous_4)
FN:67,(anonymous_5)
FNF:6
FNH:4
FNDA:10,(anonymous_0)
FNDA:8,(anonymous_1)
FNDA:0,(anonymous_2)
FNDA:0,(anonymous_3)
FNDA:1,(anonymous_4)
FNDA:1,(anonymous_5)
DA:7,4
DA:15,10
DA:17,10
DA:20,8
DA:30,0
DA:40,0
DA:52,1
DA:68,1
DA:76,4
LF:9
LH:7
BRF:0
BRH:0
end_of_record
TN:
SF:src\components\HoursList\index.js
FNF:0
FNH:0
LF:0
LH:0
BRF:0
BRH:0
end_of_record
TN:
SF:src\components\Input\Input.js
FN:6,(anonymous_0)
FN:26,(anonymous_1)
FN:27,(anonymous_2)
FN:28,(anonymous_3)
FN:34,(anonymous_4)
FN:37,(anonymous_5)
FN:38,(anonymous_6)
FN:40,(anonymous_7)
FN:42,(anonymous_8)
FN:43,(anonymous_9)
FN:48,(anonymous_10)
FN:55,(anonymous_11)
FN:63,(anonymous_12)
FN:65,(anonymous_13)
FNF:14
FNH:5
FNDA:52,(anonymous_0)
FNDA:0,(anonymous_1)
FNDA:0,(anonymous_2)
FNDA:0,(anonymous_3)
FNDA:52,(anonymous_4)
FNDA:0,(anonymous_5)
FNDA:0,(anonymous_6)
FNDA:52,(anonymous_7)
FNDA:0,(anonymous_8)
FNDA:0,(anonymous_9)
FNDA:52,(anonymous_10)
FNDA:52,(anonymous_11)
FNDA:0,(anonymous_12)
FNDA:0,(anonymous_13)
DA:6,6
DA:30,52
DA:31,52
DA:32,52
DA:34,52
DA:35,52
DA:36,52
DA:37,52
DA:38,52
DA:40,52
DA:41,52
DA:42,52
DA:43,52
DA:48,52
DA:49,52
DA:50,52
DA:51,0
DA:55,52
DA:56,52
DA:63,52
DA:64,0
DA:65,0
DA:68,52
DA:92,6
LF:24
LH:21
BRDA:17,0,0,11
BRDA:18,1,0,52
BRDA:19,2,0,52
BRDA:20,3,0,52
BRDA:21,4,0,52
BRDA:22,5,0,52
BRDA:23,6,0,52
BRDA:24,7,0,52
BRDA:25,8,0,52
BRDA:26,9,0,52
BRDA:27,10,0,50
BRDA:28,11,0,0
BRDA:50,12,0,0
BRDA:50,12,1,52
BRDA:50,13,0,52
BRDA:50,13,1,0
BRDA:57,14,0,0
BRDA:57,14,1,52
BRDA:57,15,0,52
BRDA:57,15,1,0
BRDA:79,16,0,52
BRDA:79,16,1,52
BRDA:80,17,0,52
BRDA:80,17,1,52
BRDA:81,18,0,3
BRDA:81,18,1,49
BRF:26
BRH:21
end_of_record
TN:
SF:src\components\Input\index.js
FNF:0
FNH:0
LF:0
LH:0
BRF:0
BRH:0
end_of_record
TN:
SF:src\components\ListWeek\ListWeek.jsx
FN:5,(anonymous_0)
FN:14,(anonymous_1)
FNF:2
FNH:2
FNDA:1,(anonymous_0)
FNDA:7,(anonymous_1)
DA:5,3
DA:12,1
DA:15,7
DA:32,3
LF:4
LH:4
BRF:0
BRH:0
end_of_record
TN:
SF:src\components\ListWeek\index.js
FNF:0
FNH:0
LF:0
LH:0
BRF:0
BRH:0
end_of_record
TN:
SF:src\components\PageHeader\PageHeader.js
FN:7,(anonymous_0)
FN:16,(anonymous_1)
FNF:2
FNH:2
FNDA:5,(anonymous_0)
FNDA:2,(anonymous_1)
DA:4,3
DA:5,3
DA:7,3
DA:16,5
DA:17,2
DA:28,5
DA:66,3
LF:7
LH:7
BRDA:10,0,0,3
BRDA:12,1,0,2
BRDA:31,2,0,5
BRDA:31,2,1,1
BRDA:44,3,0,5
BRDA:44,3,1,2
BRDA:55,4,0,5
BRDA:55,4,1,2
BRDA:55,4,2,2
BRDA:57,5,0,5
BRDA:57,5,1,5
BRF:11
BRH:11
end_of_record
TN:
SF:src\components\PageHeader\index.js
FNF:0
FNH:0
LF:0
LH:0
BRF:0
BRH:0
end_of_record
TN:
SF:src\components\Paper\Paper.js
FN:5,(anonymous_0)
FNF:1
FNH:1
FNDA:2,(anonymous_0)
DA:5,1
DA:6,2
DA:13,1
LF:3
LH:3
BRDA:5,0,0,0
BRF:1
BRH:0
end_of_record
TN:
SF:src\components\Paper\index.js
FNF:0
FNH:0
LF:0
LH:0
BRF:0
BRH:0
end_of_record
TN:
SF:src\components\Scheduler\Scheduler.js
FN:21,(anonymous_0)
FN:36,(anonymous_1)
FN:37,(anonymous_2)
FN:53,(anonymous_3)
FN:65,(anonymous_4)
FN:81,(anonymous_5)
FN:87,(anonymous_6)
FN:93,(anonymous_7)
FN:97,(anonymous_8)
FN:105,(anonymous_9)
FN:109,(anonymous_10)
FN:117,(anonymous_11)
FN:123,(anonymous_12)
FN:138,(anonymous_13)
FNF:14
FNH:4
FNDA:3,(anonymous_0)
FNDA:2,(anonymous_1)
FNDA:2,(anonymous_2)
FNDA:1,(anonymous_3)
FNDA:0,(anonymous_4)
FNDA:0,(anonymous_5)
FNDA:0,(anonymous_6)
FNDA:0,(anonymous_7)
FNDA:0,(anonymous_8)
FNDA:0,(anonymous_9)
FNDA:0,(anonymous_10)
FNDA:0,(anonymous_11)
FNDA:0,(anonymous_12)
FNDA:0,(anonymous_13)
DA:21,3
DA:22,3
DA:24,3
DA:26,3
DA:27,3
DA:36,3
DA:37,2
DA:38,2
DA:39,2
DA:40,1
DA:41,1
DA:43,0
DA:46,1
DA:53,3
DA:54,1
DA:59,1
DA:65,3
DA:66,0
DA:68,0
DA:72,0
DA:73,0
DA:81,3
DA:82,0
DA:83,0
DA:84,0
DA:87,3
DA:88,0
DA:89,0
DA:90,0
DA:93,3
DA:94,0
DA:95,0
DA:96,0
DA:97,0
DA:99,0
DA:100,0
DA:102,0
DA:105,3
DA:106,0
DA:107,0
DA:108,0
DA:109,0
DA:111,0
DA:112,0
DA:114,0
DA:117,3
DA:118,0
DA:119,0
DA:120,0
DA:123,3
DA:124,0
DA:129,0
DA:130,0
DA:131,0
DA:133,0
DA:135,0
DA:138,3
DA:139,0
DA:140,0
DA:141,0
DA:142,0
DA:147,3
DA:148,1
DA:229,2
DA:232,3
LF:65
LH:27
BRDA:39,0,0,1
BRDA:39,0,1,0
BRDA:39,1,0,2
BRDA:39,1,1,1
BRDA:72,2,0,0
BRDA:72,2,1,0
BRDA:99,3,0,0
BRDA:99,3,1,0
BRDA:111,4,0,0
BRDA:111,4,1,0
BRDA:130,5,0,0
BRDA:130,5,1,0
BRDA:147,6,0,1
BRDA:147,6,1,2
BRF:14
BRH:5
end_of_record
TN:
SF:src\components\Scheduler\index.js
FNF:0
FNH:0
LF:0
LH:0
BRF:0
BRH:0
end_of_record
TN:
SF:src\components\SelectTeam\SelectTeam.js
FN:6,(anonymous_0)
FN:10,(anonymous_1)
FN:15,(anonymous_2)
FN:27,(anonymous_3)
FN:31,(anonymous_4)
FN:35,(anonymous_5)
FNF:6
FNH:5
FNDA:5,(anonymous_0)
FNDA:3,(anonymous_1)
FNDA:2,(anonymous_2)
FNDA:1,(anonymous_3)
FNDA:10,(anonymous_4)
FNDA:0,(anonymous_5)
DA:6,3
DA:7,5
DA:8,5
DA:10,5
DA:11,3
DA:12,3
DA:15,5
DA:16,2
DA:17,2
DA:21,5
DA:22,5
DA:27,1
DA:32,10
DA:35,0
DA:45,0
DA:48,3
LF:16
LH:14
BRDA:16,0,0,2
BRDA:16,0,1,0
BRDA:21,1,0,5
BRDA:21,1,1,0
BRF:4
BRH:2
end_of_record
TN:
SF:src\components\SelectTeam\index.js
FNF:0
FNH:0
LF:0
LH:0
BRF:0
BRH:0
end_of_record
TN:
SF:src\factory\api.js
FN:7,(anonymous_0)
FN:10,(anonymous_1)
FN:17,(anonymous_2)
FN:20,(anonymous_3)
FNF:4
FNH:1
FNDA:1,(anonymous_0)
FNDA:0,(anonymous_1)
FNDA:0,(anonymous_2)
FNDA:0,(anonymous_3)
DA:4,1
DA:5,1
DA:7,1
DA:8,1
DA:10,1
DA:11,0
DA:12,0
DA:13,0
DA:16,1
DA:18,0
DA:21,0
DA:25,1
LF:12
LH:7
BRF:0
BRH:0
end_of_record
TN:
SF:src\hooks\store.js
FN:8,(anonymous_0)
FN:11,(anonymous_1)
FNF:2
FNH:0
FNDA:0,(anonymous_0)
FNDA:0,(anonymous_1)
DA:6,0
DA:10,0
DA:11,0
LF:3
LH:0
BRF:0
BRH:0
end_of_record
TN:
SF:src\hooks\useCombinedReducers.js
FN:8,(anonymous_0)
FNF:1
FNH:0
FNDA:0,(anonymous_0)
DA:8,0
DA:9,0
DA:13,0
DA:14,0
DA:16,0
LF:5
LH:0
BRF:0
BRH:0
end_of_record
TN:
SF:src\hooks\useFetch.js
FN:8,(anonymous_0)
FN:17,(anonymous_1)
FNF:2
FNH:0
FNDA:0,(anonymous_0)
FNDA:0,(anonymous_1)
DA:4,0
DA:5,0
DA:6,0
DA:8,0
DA:9,0
DA:15,0
DA:18,0
DA:20,0
DA:25,0
LF:9
LH:0
BRF:0
BRH:0
end_of_record
TN:
SF:src\pages\BuilderScheduler\BuilderScheduler.js
FN:19,(anonymous_0)
FN:28,(anonymous_1)
FN:29,(anonymous_2)
FN:38,(anonymous_3)
FN:39,(anonymous_4)
FN:54,(anonymous_5)
FN:55,(anonymous_6)
FN:75,(anonymous_7)
FN:80,(anonymous_8)
FN:97,(anonymous_9)
FN:127,(anonymous_10)
FNF:11
FNH:7
FNDA:1,(anonymous_0)
FNDA:1,(anonymous_1)
FNDA:1,(anonymous_2)
FNDA:1,(anonymous_3)
FNDA:1,(anonymous_4)
FNDA:1,(anonymous_5)
FNDA:1,(anonymous_6)
FNDA:0,(anonymous_7)
FNDA:0,(anonymous_8)
FNDA:0,(anonymous_9)
FNDA:0,(anonymous_10)
DA:17,1
DA:19,1
DA:20,1
DA:21,1
DA:22,1
DA:23,1
DA:25,1
DA:28,1
DA:29,1
DA:30,1
DA:31,0
DA:38,1
DA:39,1
DA:41,1
DA:42,1
DA:43,1
DA:44,0
DA:45,0
DA:47,0
DA:54,1
DA:55,1
DA:57,1
DA:58,0
DA:59,0
DA:63,0
DA:64,0
DA:66,0
DA:69,0
DA:75,1
DA:76,0
DA:77,0
DA:80,1
DA:81,0
DA:82,0
DA:86,0
DA:87,0
DA:90,0
DA:93,1
DA:97,0
DA:127,0
LF:40
LH:21
BRDA:41,0,0,1
BRDA:41,0,1,0
BRDA:57,1,0,0
BRDA:57,1,1,1
BRDA:63,2,0,0
BRDA:63,2,1,0
BRDA:63,3,0,0
BRDA:63,3,1,0
BRDA:81,4,0,0
BRDA:81,4,1,0
BRDA:86,5,0,0
BRDA:86,5,1,0
BRDA:118,6,0,0
BRDA:118,6,1,1
BRDA:138,7,0,0
BRDA:138,7,1,1
BRDA:138,8,0,1
BRDA:138,8,1,0
BRF:18
BRH:5
end_of_record
TN:
SF:src\pages\BuilderScheduler\index.js
FNF:0
FNH:0
LF:0
LH:0
BRF:0
BRH:0
end_of_record
TN:
SF:src\pages\Home\Home.js
FN:13,(anonymous_0)
FN:20,(anonymous_1)
FN:21,(anonymous_2)
FN:32,(anonymous_3)
FN:44,(anonymous_4)
FNF:5
FNH:4
FNDA:1,(anonymous_0)
FNDA:1,(anonymous_1)
FNDA:1,(anonymous_2)
FNDA:1,(anonymous_3)
FNDA:0,(anonymous_4)
DA:11,1
DA:13,1
DA:14,1
DA:16,1
DA:17,1
DA:20,1
DA:21,1
DA:22,1
DA:23,0
DA:32,1
DA:33,1
DA:36,0
DA:37,0
DA:39,0
DA:44,1
DA:45,0
DA:48,1
LF:17
LH:12
BRDA:33,0,0,0
BRDA:33,0,1,1
BRDA:33,1,0,1
BRDA:33,1,1,1
BRDA:36,2,0,0
BRDA:36,2,1,0
BRDA:50,3,0,1
BRDA:50,3,1,0
BRF:8
BRH:4
end_of_record
TN:
SF:src\pages\Home\index.js
FNF:0
FNH:0
LF:0
LH:0
BRF:0
BRH:0
end_of_record
TN:
SF:src\pages\RouterScheduler\RouterScheduler.js
FN:27,(anonymous_0)
FN:39,(anonymous_1)
FN:40,(anonymous_2)
FN:49,(anonymous_3)
FN:50,(anonymous_4)
FN:71,(anonymous_5)
FN:72,(anonymous_6)
FN:101,(anonymous_7)
FN:102,(anonymous_8)
FN:140,(anonymous_9)
FN:152,(anonymous_10)
FN:153,(anonymous_11)
FN:184,(anonymous_12)
FN:189,(anonymous_13)
FN:208,(anonymous_14)
FN:238,(anonymous_15)
FN:250,(anonymous_16)
FN:292,(anonymous_17)
FNF:18
FNH:7
FNDA:1,(anonymous_0)
FNDA:1,(anonymous_1)
FNDA:1,(anonymous_2)
FNDA:1,(anonymous_3)
FNDA:1,(anonymous_4)
FNDA:1,(anonymous_5)
FNDA:1,(anonymous_6)
FNDA:0,(anonymous_7)
FNDA:0,(anonymous_8)
FNDA:0,(anonymous_9)
FNDA:0,(anonymous_10)
FNDA:0,(anonymous_11)
FNDA:0,(anonymous_12)
FNDA:0,(anonymous_13)
FNDA:0,(anonymous_14)
FNDA:0,(anonymous_15)
FNDA:0,(anonymous_16)
FNDA:0,(anonymous_17)
DA:24,1
DA:25,1
DA:27,1
DA:28,1
DA:30,1
DA:31,1
DA:33,1
DA:34,1
DA:35,1
DA:36,1
DA:39,1
DA:40,1
DA:41,1
DA:42,0
DA:49,1
DA:50,1
DA:51,1
DA:52,1
DA:53,1
DA:57,0
DA:58,0
DA:59,0
DA:61,0
DA:64,0
DA:71,1
DA:72,1
DA:74,1
DA:75,0
DA:76,0
DA:80,0
DA:85,0
DA:87,0
DA:90,0
DA:101,1
DA:102,0
DA:104,0
DA:108,0
DA:109,0
DA:115,0
DA:119,0
DA:123,0
DA:128,0
DA:130,0
DA:131,0
DA:140,1
DA:141,0
DA:142,0
DA:152,1
DA:153,0
DA:154,0
DA:155,0
DA:156,0
DA:160,0
DA:161,0
DA:168,0
DA:169,0
DA:170,0
DA:172,0
DA:173,0
DA:174,0
DA:177,0
DA:184,1
DA:185,0
DA:186,0
DA:189,1
DA:190,0
DA:191,0
DA:195,0
DA:196,0
DA:199,0
DA:204,1
DA:208,0
DA:239,0
DA:251,0
DA:292,0
LF:75
LH:27
BRDA:51,0,0,1
BRDA:51,0,1,0
BRDA:57,1,0,0
BRDA:57,1,1,0
BRDA:74,2,0,0
BRDA:74,2,1,1
BRDA:80,3,0,0
BRDA:80,3,1,0
BRDA:81,4,0,0
BRDA:81,4,1,0
BRDA:81,4,2,0
BRDA:104,5,0,0
BRDA:104,5,1,0
BRDA:105,6,0,0
BRDA:105,6,1,0
BRDA:130,7,0,0
BRDA:130,7,1,0
BRDA:154,8,0,0
BRDA:154,8,1,0
BRDA:160,9,0,0
BRDA:160,9,1,0
BRDA:168,10,0,0
BRDA:168,10,1,0
BRDA:190,11,0,0
BRDA:190,11,1,0
BRDA:195,12,0,0
BRDA:195,12,1,0
BRDA:260,13,0,0
BRDA:260,13,1,1
BRDA:282,14,0,0
BRDA:282,14,1,0
BRDA:308,15,0,0
BRDA:308,15,1,1
BRDA:308,16,0,1
BRDA:308,16,1,0
BRF:35
BRH:5
end_of_record
TN:
SF:src\pages\RouterScheduler\index.js
FNF:0
FNH:0
LF:0
LH:0
BRF:0
BRH:0
end_of_record
TN:
SF:src\services\analytics-service.js
FN:12,(anonymous_0)
FN:12,(anonymous_1)
FN:36,(anonymous_2)
FN:40,(anonymous_3)
FN:45,(anonymous_4)
FN:45,(anonymous_5)
FNF:6
FNH:0
FNDA:0,(anonymous_0)
FNDA:0,(anonymous_1)
FNDA:0,(anonymous_2)
FNDA:0,(anonymous_3)
FNDA:0,(anonymous_4)
FNDA:0,(anonymous_5)
DA:7,4
DA:9,4
DA:10,4
DA:12,4
DA:13,0
DA:15,0
DA:16,0
DA:17,0
DA:18,0
DA:20,0
DA:21,0
DA:23,0
DA:33,0
DA:36,4
DA:42,0
DA:45,4
DA:46,0
LF:17
LH:6
BRDA:12,0,0,0
BRDA:12,1,0,0
BRDA:15,2,0,0
BRDA:15,2,1,0
BRDA:37,3,0,0
BRDA:38,4,0,0
BRDA:39,5,0,0
BRDA:40,6,0,0
BRDA:45,7,0,0
BRDA:45,8,0,0
BRDA:45,9,0,0
BRDA:45,10,0,0
BRF:12
BRH:0
end_of_record
TN:
SF:src\services\api-service.js
FN:9,(anonymous_0)
FNF:1
FNH:0
FNDA:0,(anonymous_0)
DA:3,1
DA:5,1
DA:6,1
DA:7,1
DA:9,1
DA:10,0
DA:17,0
DA:24,0
DA:25,0
DA:26,0
DA:28,0
LF:11
LH:5
BRF:0
BRH:0
end_of_record
TN:
SF:src\services\application-service.js
FN:12,(anonymous_0)
FN:23,(anonymous_1)
FN:45,(anonymous_2)
FN:51,(anonymous_3)
FN:52,(anonymous_4)
FN:65,(anonymous_5)
FN:79,(anonymous_6)
FN:95,(anonymous_7)
FN:103,(anonymous_8)
FN:120,(anonymous_9)
FNF:10
FNH:1
FNDA:3,(anonymous_0)
FNDA:0,(anonymous_1)
FNDA:0,(anonymous_2)
FNDA:0,(anonymous_3)
FNDA:0,(anonymous_4)
FNDA:0,(anonymous_5)
FNDA:0,(anonymous_6)
FNDA:0,(anonymous_7)
FNDA:0,(anonymous_8)
FNDA:0,(anonymous_9)
DA:5,4
DA:6,4
DA:7,4
DA:8,4
DA:9,4
DA:10,4
DA:12,4
DA:13,3
DA:17,0
DA:18,0
DA:20,0
DA:23,4
DA:24,0
DA:25,0
DA:37,0
DA:39,0
DA:41,0
DA:45,4
DA:48,0
DA:50,0
DA:51,0
DA:52,0
DA:53,0
DA:55,0
DA:56,0
DA:57,0
DA:59,0
DA:62,0
DA:65,4
DA:66,0
DA:76,0
DA:79,4
DA:80,0
DA:92,0
DA:95,4
DA:96,0
DA:100,0
DA:103,4
DA:106,0
DA:117,0
DA:120,4
DA:123,0
DA:134,0
LF:43
LH:15
BRDA:12,0,0,3
BRDA:17,1,0,0
BRDA:17,1,1,0
BRDA:50,2,0,0
BRDA:50,2,1,0
BRF:5
BRH:1
end_of_record
TN:
SF:src\services\common-service.js
FN:4,(anonymous_0)
FN:9,(anonymous_1)
FN:14,(anonymous_2)
FN:20,(anonymous_3)
FN:30,(anonymous_4)
FN:41,(anonymous_5)
FNF:6
FNH:3
FNDA:9,(anonymous_0)
FNDA:4,(anonymous_1)
FNDA:0,(anonymous_2)
FNDA:0,(anonymous_3)
FNDA:0,(anonymous_4)
FNDA:9,(anonymous_5)
DA:4,4
DA:5,9
DA:9,4
DA:10,4
DA:14,4
DA:15,0
DA:20,4
DA:21,0
DA:30,4
DA:31,0
DA:41,4
DA:42,9
DA:43,9
DA:44,9
DA:46,4
LF:15
LH:12
BRDA:30,0,0,0
BRDA:30,1,0,0
BRF:2
BRH:0
end_of_record
TN:
SF:src\services\plugin-api-service.js
FN:3,(anonymous_0)
FNF:1
FNH:0
FNDA:0,(anonymous_0)
DA:3,0
DA:4,0
DA:5,0
LF:3
LH:0
BRF:0
BRH:0
end_of_record
TN:
SF:src\services\resources-service.js
FN:8,(anonymous_0)
FN:26,(anonymous_1)
FNF:2
FNH:1
FNDA:2,(anonymous_0)
FNDA:0,(anonymous_1)
DA:4,4
DA:6,4
DA:8,4
DA:9,2
DA:10,2
DA:20,1
DA:22,0
DA:26,4
DA:27,0
DA:28,0
DA:40,0
DA:42,0
LF:12
LH:7
BRF:0
BRH:0
end_of_record
TN:
SF:src\services\teams-service.js
FN:6,(anonymous_0)
FNF:1
FNH:1
FNDA:1,(anonymous_0)
DA:4,1
DA:6,1
DA:7,1
DA:8,1
DA:19,0
DA:21,0
LF:6
LH:4
BRF:0
BRH:0
end_of_record
TN:
SF:src\services\user-service.js
FN:9,(anonymous_0)
FN:24,(anonymous_1)
FN:39,(anonymous_2)
FNF:3
FNH:0
FNDA:0,(anonymous_0)
FNDA:0,(anonymous_1)
FNDA:0,(anonymous_2)
DA:4,0
DA:5,0
DA:7,0
DA:9,0
DA:10,0
DA:21,0
DA:24,0
DA:28,0
DA:36,0
DA:39,0
DA:40,0
DA:44,0
LF:12
LH:0
BRDA:25,0,0,0
BRDA:26,1,0,0
BRF:2
BRH:0
end_of_record
TN:
SF:src\store\combinedMiddlewares.js
FNF:0
FNH:0
DA:5,0
LF:1
LH:0
BRF:0
BRH:0
end_of_record
TN:
SF:src\store\connect.js
FN:5,(anonymous_0)
FN:9,(anonymous_1)
FN:10,(anonymous_2)
FN:11,WrapConnect
FN:14,(anonymous_4)
FNF:5
FNH:0
FNDA:0,(anonymous_0)
FNDA:0,(anonymous_1)
FNDA:0,(anonymous_2)
FNDA:0,WrapConnect
FNDA:0,(anonymous_4)
DA:5,0
DA:9,0
DA:10,0
DA:11,0
DA:12,0
DA:15,0
DA:16,0
LF:7
LH:0
BRDA:9,0,0,0
BRF:1
BRH:0
end_of_record
TN:
SF:src\store\index.js
FN:7,(anonymous_0)
FN:10,(anonymous_1)
FN:11,(anonymous_2)
FN:14,(anonymous_3)
FN:16,(anonymous_4)
FNF:5
FNH:0
FNDA:0,(anonymous_0)
FNDA:0,(anonymous_1)
FNDA:0,(anonymous_2)
FNDA:0,(anonymous_3)
FNDA:0,(anonymous_4)
DA:7,0
DA:8,0
DA:10,0
DA:11,0
DA:14,0
DA:15,0
DA:16,0
DA:17,0
DA:20,0
DA:24,0
DA:36,0
LF:11
LH:0
BRDA:15,0,0,0
BRDA:15,0,1,0
BRF:2
BRH:0
end_of_record
TN:
SF:src\store\actions\application.js
FN:3,(anonymous_0)
FN:8,(anonymous_1)
FN:13,(anonymous_2)
FNF:3
FNH:3
FNDA:1,(anonymous_0)
FNDA:1,(anonymous_1)
FNDA:1,(anonymous_2)
DA:3,1
DA:8,1
DA:13,1
LF:3
LH:3
BRF:0
BRH:0
end_of_record
TN:
SF:src\store\actions\common.js
FN:3,(anonymous_0)
FN:8,(anonymous_1)
FN:13,(anonymous_2)
FNF:3
FNH:0
FNDA:0,(anonymous_0)
FNDA:0,(anonymous_1)
FNDA:0,(anonymous_2)
DA:3,0
DA:8,0
DA:13,0
LF:3
LH:0
BRF:0
BRH:0
end_of_record
TN:
SF:src\store\actions\user.js
FN:3,(anonymous_0)
FN:8,(anonymous_1)
FN:13,(anonymous_2)
FN:18,(anonymous_3)
FNF:4
FNH:4
FNDA:1,(anonymous_0)
FNDA:1,(anonymous_1)
FNDA:1,(anonymous_2)
FNDA:1,(anonymous_3)
DA:3,1
DA:8,1
DA:13,1
DA:18,1
LF:4
LH:4
BRF:0
BRH:0
end_of_record
TN:
SF:src\store\middleware\application.js
FN:5,(anonymous_0)
FN:16,(anonymous_1)
FN:16,(anonymous_2)
FNF:3
FNH:0
FNDA:0,(anonymous_0)
FNDA:0,(anonymous_1)
FNDA:0,(anonymous_2)
DA:5,0
DA:6,0
DA:7,0
DA:8,0
DA:9,0
DA:16,0
DA:17,0
DA:21,0
DA:24,0
LF:9
LH:0
BRDA:8,0,0,0
BRDA:8,0,1,0
BRDA:17,1,0,0
BRDA:17,1,1,0
BRDA:18,2,0,0
BRDA:18,2,1,0
BRF:6
BRH:0
end_of_record
TN:
SF:src\store\middleware\common.js
FN:5,(anonymous_0)
FN:16,(anonymous_1)
FN:16,(anonymous_2)
FNF:3
FNH:0
FNDA:0,(anonymous_0)
FNDA:0,(anonymous_1)
FNDA:0,(anonymous_2)
DA:5,0
DA:6,0
DA:7,0
DA:8,0
DA:9,0
DA:16,0
DA:17,0
DA:18,0
DA:21,0
LF:9
LH:0
BRDA:8,0,0,0
BRDA:8,0,1,0
BRDA:17,1,0,0
BRDA:17,1,1,0
BRDA:17,2,0,0
BRDA:17,2,1,0
BRF:6
BRH:0
end_of_record
TN:
SF:src\store\middleware\user.js
FN:5,(anonymous_0)
FN:16,(anonymous_1)
FN:27,(anonymous_2)
FN:27,(anonymous_3)
FNF:4
FNH:0
FNDA:0,(anonymous_0)
FNDA:0,(anonymous_1)
FNDA:0,(anonymous_2)
FNDA:0,(anonymous_3)
DA:5,0
DA:6,0
DA:7,0
DA:8,0
DA:9,0
DA:16,0
DA:17,0
DA:18,0
DA:19,0
DA:20,0
DA:27,0
DA:28,0
DA:30,0
DA:31,0
DA:33,0
DA:34,0
DA:36,0
DA:39,0
LF:18
LH:0
BRDA:8,0,0,0
BRDA:8,0,1,0
BRDA:19,1,0,0
BRDA:19,1,1,0
BRDA:28,2,0,0
BRDA:28,2,1,0
BRDA:28,2,2,0
BRF:7
BRH:0
end_of_record
TN:
SF:src\store\reducers\application.js
FN:10,(anonymous_0)
FNF:1
FNH:0
FNDA:0,(anonymous_0)
DA:3,0
DA:10,0
DA:11,0
DA:13,0
DA:20,0
DA:27,0
LF:6
LH:0
BRDA:10,0,0,0
BRDA:10,1,0,0
BRDA:11,2,0,0
BRDA:11,2,1,0
BRDA:11,2,2,0
BRF:5
BRH:0
end_of_record
TN:
SF:src\store\reducers\common.js
FN:10,(anonymous_0)
FNF:1
FNH:0
FNDA:0,(anonymous_0)
DA:3,0
DA:10,0
DA:11,0
DA:13,0
DA:20,0
DA:22,0
LF:6
LH:0
BRDA:10,0,0,0
BRDA:10,1,0,0
BRDA:11,2,0,0
BRDA:11,2,1,0
BRDA:11,2,2,0
BRF:5
BRH:0
end_of_record
TN:
SF:src\store\reducers\user.js
FN:10,(anonymous_0)
FNF:1
FNH:0
FNDA:0,(anonymous_0)
DA:3,0
DA:10,0
DA:11,0
DA:13,0
DA:15,0
DA:22,0
LF:6
LH:0
BRDA:10,0,0,0
BRDA:10,1,0,0
BRDA:11,2,0,0
BRDA:11,2,1,0
BRDA:11,2,2,0
BRF:5
BRH:0
end_of_record
TN:
SF:src\utils\buildSchedulerMessage.js
FN:1,(anonymous_0)
FN:30,(anonymous_1)
FN:56,(anonymous_2)
FNF:3
FNH:3
FNDA:1,(anonymous_0)
FNDA:1,(anonymous_1)
FNDA:5,(anonymous_2)
DA:1,3
DA:2,1
DA:5,1
DA:7,3
DA:8,1
DA:9,1
DA:10,1
DA:13,1
DA:14,1
DA:18,5
DA:21,4
DA:22,4
DA:24,1
DA:29,1
DA:30,1
DA:31,1
DA:32,1
DA:33,1
DA:34,1
DA:35,0
DA:41,1
DA:42,1
DA:43,0
DA:45,1
DA:51,1
DA:53,1
DA:56,3
DA:57,5
DA:58,1
DA:60,4
DA:61,4
DA:65,0
DA:68,4
LF:33
LH:30
BRDA:7,0,0,1
BRDA:7,0,1,2
BRDA:15,1,0,6
BRDA:15,1,1,5
BRDA:18,2,0,4
BRDA:18,2,1,1
BRDA:34,3,0,0
BRDA:34,3,1,1
BRDA:41,4,0,0
BRDA:41,4,1,1
BRDA:42,5,0,0
BRDA:42,5,1,1
BRDA:57,6,0,1
BRDA:57,6,1,4
BRDA:61,7,0,0
BRDA:61,7,1,4
BRDA:62,8,0,4
BRDA:62,8,1,4
BRF:18
BRH:14
end_of_record
TN:
SF:src\utils\object.js
FN:1,(anonymous_0)
FN:3,(anonymous_1)
FN:4,(anonymous_2)
FN:7,(anonymous_3)
FN:8,(anonymous_4)
FNF:5
FNH:0
FNDA:0,(anonymous_0)
FNDA:0,(anonymous_1)
FNDA:0,(anonymous_2)
FNDA:0,(anonymous_3)
FNDA:0,(anonymous_4)
DA:1,4
DA:2,0
DA:3,0
DA:4,0
DA:7,4
DA:8,0
LF:6
LH:2
BRDA:8,0,0,0
BRDA:8,0,1,0
BRF:2
BRH:0
end_of_record
TN:
SF:src\utils\sleep.js
FN:1,(anonymous_0)
FN:2,(anonymous_1)
FNF:2
FNH:0
FNDA:0,(anonymous_0)
FNDA:0,(anonymous_1)
DA:1,0
DA:2,0
LF:2
LH:0
BRF:0
BRH:0
end_of_record
TN:
SF:src\utils\string.js
FN:1,(anonymous_0)
FNF:1
FNH:1
FNDA:1,(anonymous_0)
DA:1,5
DA:2,1
LF:2
LH:2
BRF:0
BRH:0
end_of_record
